#
# There is insufficient memory for the Java Runtime Environment to continue.
# Native memory allocation (mmap) failed to map 72876032 bytes for committing reserved memory.
# Possible reasons:
#   The system is out of physical RAM or swap space
#   In 32 bit mode, the process size limit was hit
# Possible solutions:
#   Reduce memory load on the system
#   Increase physical memory or swap space
#   Check if swap backing store is full
#   Use 64 bit Java on a 64 bit OS
#   Decrease Java heap size (-Xmx/-Xms)
#   Decrease number of Java threads
#   Decrease Java thread stack sizes (-Xss)
#   Set larger code cache with -XX:ReservedCodeCacheSize=
# This output file may be truncated or incomplete.
#
#  Out of Memory Error (os_linux.cpp:2627), pid=3866, tid=0x00007f8dc3cfc700
#
# JRE version: Java(TM) SE Runtime Environment (8.0_101-b13) (build 1.8.0_101-b13)
# Java VM: Java HotSpot(TM) 64-Bit Server VM (25.101-b13 mixed mode linux-amd64 compressed oops)
# Failed to write core dump. Core dumps have been disabled. To enable core dumping, try "ulimit -c unlimited" before starting Java again
#

---------------  T H R E A D  ---------------

Current thread (0x00007f8de4078000):  VMThread [stack: 0x00007f8dc3bfc000,0x00007f8dc3cfd000] [id=3875]

Stack: [0x00007f8dc3bfc000,0x00007f8dc3cfd000],  sp=0x00007f8dc3cfb020,  free space=1020k
Native frames: (J=compiled Java code, j=interpreted, Vv=VM code, C=native code)
V  [libjvm.so+0xac3f0a]  VMError::report_and_die()+0x2ba
V  [libjvm.so+0x4fbf9b]  report_vm_out_of_memory(char const*, int, unsigned long, VMErrorType, char const*)+0x8b
V  [libjvm.so+0x9222d3]  os::Linux::commit_memory_impl(char*, unsigned long, bool)+0x103
V  [libjvm.so+0x922829]  os::pd_commit_memory(char*, unsigned long, unsigned long, bool)+0x29
V  [libjvm.so+0x91cb2a]  os::commit_memory(char*, unsigned long, unsigned long, bool)+0x2a
V  [libjvm.so+0x991053]  PSVirtualSpace::expand_by(unsigned long)+0x53
V  [libjvm.so+0x992458]  PSYoungGen::resize_generation(unsigned long, unsigned long)+0xf8
V  [libjvm.so+0x9915b2]  PSYoungGen::resize(unsigned long, unsigned long)+0x22
V  [libjvm.so+0x98e88b]  PSScavenge::invoke_no_policy()+0xf3b
V  [libjvm.so+0x98f011]  PSScavenge::invoke()+0x41
V  [libjvm.so+0x945fc0]  ParallelScavengeHeap::failed_mem_allocate(unsigned long)+0x70
V  [libjvm.so+0xac5927]  VM_ParallelGCFailedAllocation::doit()+0x97
V  [libjvm.so+0xacd405]  VM_Operation::evaluate()+0x55
V  [libjvm.so+0xacb7da]  VMThread::evaluate_operation(VM_Operation*)+0xba
V  [libjvm.so+0xacbb5e]  VMThread::loop()+0x1ce
V  [libjvm.so+0xacbfd0]  VMThread::run()+0x70
V  [libjvm.so+0x924698]  java_start(Thread*)+0x108

VM_Operation (0x00007f8dea3d28f0): ParallelGCFailedAllocation, mode: safepoint, requested by thread 0x00007f8de400a000


---------------  P R O C E S S  ---------------

Java Threads: ( => current thread )
  0x00007f8de413f800 JavaThread "pool-2-thread-4" [_thread_blocked, id=3936, stack(0x00007f8dc2526000,0x00007f8dc2627000)]
  0x00007f8de413e000 JavaThread "pool-2-thread-3" [_thread_blocked, id=3935, stack(0x00007f8dc2627000,0x00007f8dc2728000)]
  0x00007f8de413d000 JavaThread "pool-2-thread-2" [_thread_blocked, id=3934, stack(0x00007f8dc2728000,0x00007f8dc2829000)]
  0x00007f8de413b000 JavaThread "pool-3-thread-1" [_thread_blocked, id=3932, stack(0x00007f8dc2829000,0x00007f8dc292a000)]
  0x00007f8de4139000 JavaThread "pool-2-thread-1" [_thread_blocked, id=3930, stack(0x00007f8dc292a000,0x00007f8dc2a2b000)]
  0x00007f8de40c0800 JavaThread "Service Thread" daemon [_thread_blocked, id=3889, stack(0x00007f8dc2b36000,0x00007f8dc2c37000)]
  0x00007f8de40bd800 JavaThread "C1 CompilerThread2" daemon [_thread_blocked, id=3887, stack(0x00007f8dc2c37000,0x00007f8dc2d38000)]
  0x00007f8de40bc000 JavaThread "C2 CompilerThread1" daemon [_thread_blocked, id=3884, stack(0x00007f8dc2d38000,0x00007f8dc2e39000)]
  0x00007f8de40b9000 JavaThread "C2 CompilerThread0" daemon [_thread_in_native, id=3882, stack(0x00007f8dc2e39000,0x00007f8dc2f3a000)]
  0x00007f8de40b7800 JavaThread "Signal Dispatcher" daemon [_thread_blocked, id=3880, stack(0x00007f8dc2f3a000,0x00007f8dc303b000)]
  0x00007f8de4084000 JavaThread "Finalizer" daemon [_thread_blocked, id=3877, stack(0x00007f8dc39fa000,0x00007f8dc3afb000)]
  0x00007f8de407f800 JavaThread "Reference Handler" daemon [_thread_blocked, id=3876, stack(0x00007f8dc3afb000,0x00007f8dc3bfc000)]
  0x00007f8de400a000 JavaThread "main" [_thread_blocked, id=3870, stack(0x00007f8dea2d4000,0x00007f8dea3d5000)]

Other Threads:
=>0x00007f8de4078000 VMThread [stack: 0x00007f8dc3bfc000,0x00007f8dc3cfd000] [id=3875]
  0x00007f8de40c3800 WatcherThread [stack: 0x00007f8dc2a35000,0x00007f8dc2b36000] [id=3891]

VM state:at safepoint (normal execution)

VM Mutex/Monitor currently owned by a thread:  ([mutex/lock_event])
[0x00007f8de4006510] Threads_lock - owner thread: 0x00007f8de4078000
[0x00007f8de4006a10] Heap_lock - owner thread: 0x00007f8de400a000

Heap:
 PSYoungGen      total 116224K, used 14832K [0x00000000eab00000, 0x00000000f2e00000, 0x0000000100000000)
  eden space 101376K, 0% used [0x00000000eab00000,0x00000000eab00000,0x00000000f0e00000)
  from space 14848K, 99% used [0x00000000f0e00000,0x00000000f1c7c318,0x00000000f1c80000)
  to   space 11776K, 0% used [0x00000000f1c80000,0x00000000f1c80000,0x00000000f2800000)
 ParOldGen       total 35840K, used 30995K [0x00000000c0000000, 0x00000000c2300000, 0x00000000eab00000)
  object space 35840K, 86% used [0x00000000c0000000,0x00000000c1e44f58,0x00000000c2300000)
 Metaspace       used 6386K, capacity 7192K, committed 7424K, reserved 1056768K
  class space    used 613K, capacity 656K, committed 768K, reserved 1048576K

Card table byte_map: [0x00007f8dd3db8000,0x00007f8dd3fb9000] byte_map_base: 0x00007f8dd37b8000

Marking Bits: (ParMarkBitMap*) 0x00007f8de97a1120
 Begin Bits: [0x00007f8dd185e000, 0x00007f8dd285e000)
 End Bits:   [0x00007f8dd285e000, 0x00007f8dd385e000)

Polling page: 0x00007f8dea3f0000

CodeCache: size=245760Kb used=6875Kb max_used=6875Kb free=238884Kb
 bounds [0x00007f8dd4379000, 0x00007f8dd4a39000, 0x00007f8de3379000]
 total_blobs=2114 nmethods=1845 adapters=182
 compilation: enabled

Compilation events (10 events):
Event: 10.662 Thread 0x00007f8de40bd800 nmethod 2182 0x00007f8dd4a2c610 code [0x00007f8dd4a2c7c0, 0x00007f8dd4a2cb18]
Event: 10.663 Thread 0x00007f8de40bd800 2183       2       java.util.TreeMap::entrySet (27 bytes)
Event: 10.663 Thread 0x00007f8de40bd800 nmethod 2183 0x00007f8dd4a2ce90 code [0x00007f8dd4a2d000, 0x00007f8dd4a2d1d0]
Event: 10.663 Thread 0x00007f8de40bd800 2184       2       java.util.TreeMap$EntrySet::iterator (19 bytes)
Event: 10.663 Thread 0x00007f8de40bd800 nmethod 2184 0x00007f8dd4a2d250 code [0x00007f8dd4a2d3c0, 0x00007f8dd4a2d630]
Event: 10.719 Thread 0x00007f8de40bd800 2185 % !   3       com.android.dx.cf.cst.ConstantPoolParser::determineOffsets @ 5 (285 bytes)
Event: 10.722 Thread 0x00007f8de40bd800 nmethod 2185% 0x00007f8dd4a2d790 code [0x00007f8dd4a2db20, 0x00007f8dd4a2f658]
Event: 10.722 Thread 0x00007f8de40bd800 2186   !   3       com.android.dx.cf.cst.ConstantPoolParser::determineOffsets (285 bytes)
Event: 10.724 Thread 0x00007f8de40bd800 nmethod 2186 0x00007f8dd4a30a50 code [0x00007f8dd4a30de0, 0x00007f8dd4a32898]
Event: 10.726 Thread 0x00007f8de40bd800 2187 %     3       com.android.dx.cf.cst.ConstantPoolParser::parse @ 96 (365 bytes)

GC Heap History (10 events):
Event: 5.073 GC heap after
Heap after GC invocations=4 (full 0):
 PSYoungGen      total 28672K, used 2023K [0x00000000eab00000, 0x00000000ec900000, 0x0000000100000000)
  eden space 26624K, 0% used [0x00000000eab00000,0x00000000eab00000,0x00000000ec500000)
  from space 2048K, 98% used [0x00000000ec700000,0x00000000ec8f9e48,0x00000000ec900000)
  to   space 2048K, 0% used [0x00000000ec500000,0x00000000ec500000,0x00000000ec700000)
 ParOldGen       total 35840K, used 6770K [0x00000000c0000000, 0x00000000c2300000, 0x00000000eab00000)
  object space 35840K, 18% used [0x00000000c0000000,0x00000000c069ca18,0x00000000c2300000)
 Metaspace       used 5918K, capacity 6896K, committed 7040K, reserved 1056768K
  class space    used 592K, capacity 616K, committed 640K, reserved 1048576K
}
Event: 5.593 GC heap before
{Heap before GC invocations=5 (full 0):
 PSYoungGen      total 28672K, used 28647K [0x00000000eab00000, 0x00000000ec900000, 0x0000000100000000)
  eden space 26624K, 100% used [0x00000000eab00000,0x00000000ec500000,0x00000000ec500000)
  from space 2048K, 98% used [0x00000000ec700000,0x00000000ec8f9e48,0x00000000ec900000)
  to   space 2048K, 0% used [0x00000000ec500000,0x00000000ec500000,0x00000000ec700000)
 ParOldGen       total 35840K, used 6770K [0x00000000c0000000, 0x00000000c2300000, 0x00000000eab00000)
  object space 35840K, 18% used [0x00000000c0000000,0x00000000c069ca18,0x00000000c2300000)
 Metaspace       used 5952K, capacity 6896K, committed 7040K, reserved 1056768K
  class space    used 593K, capacity 616K, committed 640K, reserved 1048576K
Event: 5.656 GC heap after
Heap after GC invocations=5 (full 0):
 PSYoungGen      total 28672K, used 2026K [0x00000000eab00000, 0x00000000eec00000, 0x0000000100000000)
  eden space 26624K, 0% used [0x00000000eab00000,0x00000000eab00000,0x00000000ec500000)
  from space 2048K, 98% used [0x00000000ec500000,0x00000000ec6fa8a8,0x00000000ec700000)
  to   space 6656K, 0% used [0x00000000ee580000,0x00000000ee580000,0x00000000eec00000)
 ParOldGen       total 35840K, used 11255K [0x00000000c0000000, 0x00000000c2300000, 0x00000000eab00000)
  object space 35840K, 31% used [0x00000000c0000000,0x00000000c0afde78,0x00000000c2300000)
 Metaspace       used 5952K, capacity 6896K, committed 7040K, reserved 1056768K
  class space    used 593K, capacity 616K, committed 640K, reserved 1048576K
}
Event: 6.086 GC heap before
{Heap before GC invocations=6 (full 0):
 PSYoungGen      total 28672K, used 28650K [0x00000000eab00000, 0x00000000eec00000, 0x0000000100000000)
  eden space 26624K, 100% used [0x00000000eab00000,0x00000000ec500000,0x00000000ec500000)
  from space 2048K, 98% used [0x00000000ec500000,0x00000000ec6fa8a8,0x00000000ec700000)
  to   space 6656K, 0% used [0x00000000ee580000,0x00000000ee580000,0x00000000eec00000)
 ParOldGen       total 35840K, used 11255K [0x00000000c0000000, 0x00000000c2300000, 0x00000000eab00000)
  object space 35840K, 31% used [0x00000000c0000000,0x00000000c0afde78,0x00000000c2300000)
 Metaspace       used 5998K, capacity 6960K, committed 7040K, reserved 1056768K
  class space    used 593K, capacity 616K, committed 640K, reserved 1048576K
Event: 6.204 GC heap after
Heap after GC invocations=6 (full 0):
 PSYoungGen      total 58880K, used 6359K [0x00000000eab00000, 0x00000000eee00000, 0x0000000100000000)
  eden space 52224K, 0% used [0x00000000eab00000,0x00000000eab00000,0x00000000ede00000)
  from space 6656K, 95% used [0x00000000ee580000,0x00000000eebb5f60,0x00000000eec00000)
  to   space 7680K, 0% used [0x00000000ede00000,0x00000000ede00000,0x00000000ee580000)
 ParOldGen       total 35840K, used 11263K [0x00000000c0000000, 0x00000000c2300000, 0x00000000eab00000)
  object space 35840K, 31% used [0x00000000c0000000,0x00000000c0affe78,0x00000000c2300000)
 Metaspace       used 5998K, capacity 6960K, committed 7040K, reserved 1056768K
  class space    used 593K, capacity 616K, committed 640K, reserved 1048576K
}
Event: 7.136 GC heap before
{Heap before GC invocations=7 (full 0):
 PSYoungGen      total 58880K, used 58583K [0x00000000eab00000, 0x00000000eee00000, 0x0000000100000000)
  eden space 52224K, 100% used [0x00000000eab00000,0x00000000ede00000,0x00000000ede00000)
  from space 6656K, 95% used [0x00000000ee580000,0x00000000eebb5f60,0x00000000eec00000)
  to   space 7680K, 0% used [0x00000000ede00000,0x00000000ede00000,0x00000000ee580000)
 ParOldGen       total 35840K, used 11263K [0x00000000c0000000, 0x00000000c2300000, 0x00000000eab00000)
  object space 35840K, 31% used [0x00000000c0000000,0x00000000c0affe78,0x00000000c2300000)
 Metaspace       used 6041K, capacity 6960K, committed 7040K, reserved 1056768K
  class space    used 593K, capacity 616K, committed 640K, reserved 1048576K
Event: 7.248 GC heap after
Heap after GC invocations=7 (full 0):
 PSYoungGen      total 59904K, used 7669K [0x00000000eab00000, 0x00000000f2800000, 0x0000000100000000)
  eden space 52224K, 0% used [0x00000000eab00000,0x00000000eab00000,0x00000000ede00000)
  from space 7680K, 99% used [0x00000000ede00000,0x00000000ee57d638,0x00000000ee580000)
  to   space 11776K, 0% used [0x00000000f1c80000,0x00000000f1c80000,0x00000000f2800000)
 ParOldGen       total 35840K, used 17443K [0x00000000c0000000, 0x00000000c2300000, 0x00000000eab00000)
  object space 35840K, 48% used [0x00000000c0000000,0x00000000c1108cc0,0x00000000c2300000)
 Metaspace       used 6041K, capacity 6960K, committed 7040K, reserved 1056768K
  class space    used 593K, capacity 616K, committed 640K, reserved 1048576K
}
Event: 8.388 GC heap before
{Heap before GC invocations=8 (full 0):
 PSYoungGen      total 59904K, used 59893K [0x00000000eab00000, 0x00000000f2800000, 0x0000000100000000)
  eden space 52224K, 100% used [0x00000000eab00000,0x00000000ede00000,0x00000000ede00000)
  from space 7680K, 99% used [0x00000000ede00000,0x00000000ee57d638,0x00000000ee580000)
  to   space 11776K, 0% used [0x00000000f1c80000,0x00000000f1c80000,0x00000000f2800000)
 ParOldGen       total 35840K, used 17443K [0x00000000c0000000, 0x00000000c2300000, 0x00000000eab00000)
  object space 35840K, 48% used [0x00000000c0000000,0x00000000c1108cc0,0x00000000c2300000)
 Metaspace       used 6252K, capacity 7128K, committed 7424K, reserved 1056768K
  class space    used 613K, capacity 656K, committed 768K, reserved 1048576K
Event: 8.572 GC heap after
Heap after GC invocations=8 (full 0):
 PSYoungGen      total 113152K, used 11744K [0x00000000eab00000, 0x00000000f2e00000, 0x0000000100000000)
  eden space 101376K, 0% used [0x00000000eab00000,0x00000000eab00000,0x00000000f0e00000)
  from space 11776K, 99% used [0x00000000f1c80000,0x00000000f27f8260,0x00000000f2800000)
  to   space 14848K, 0% used [0x00000000f0e00000,0x00000000f0e00000,0x00000000f1c80000)
 ParOldGen       total 35840K, used 20176K [0x00000000c0000000, 0x00000000c2300000, 0x00000000eab00000)
  object space 35840K, 56% used [0x00000000c0000000,0x00000000c13b4010,0x00000000c2300000)
 Metaspace       used 6252K, capacity 7128K, committed 7424K, reserved 1056768K
  class space    used 613K, capacity 656K, committed 768K, reserved 1048576K
}
Event: 10.758 GC heap before
{Heap before GC invocations=9 (full 0):
 PSYoungGen      total 113152K, used 113120K [0x00000000eab00000, 0x00000000f2e00000, 0x0000000100000000)
  eden space 101376K, 100% used [0x00000000eab00000,0x00000000f0e00000,0x00000000f0e00000)
  from space 11776K, 99% used [0x00000000f1c80000,0x00000000f27f8260,0x00000000f2800000)
  to   space 14848K, 0% used [0x00000000f0e00000,0x00000000f0e00000,0x00000000f1c80000)
 ParOldGen       total 35840K, used 20176K [0x00000000c0000000, 0x00000000c2300000, 0x00000000eab00000)
  object space 35840K, 56% used [0x00000000c0000000,0x00000000c13b4010,0x00000000c2300000)
 Metaspace       used 6386K, capacity 7192K, committed 7424K, reserved 1056768K
  class space    used 613K, capacity 656K, committed 768K, reserved 1048576K

Deoptimization events (10 events):
Event: 7.674 Thread 0x00007f8de400a000 Uncommon trap: reason=bimorphic action=maybe_recompile pc=0x00007f8dd46d4980 method=java.util.HashMap.putVal(ILjava/lang/Object;Ljava/lang/Object;ZZ)Ljava/lang/Object; @ 203
Event: 7.688 Thread 0x00007f8de400a000 Uncommon trap: reason=unstable_if action=reinterpret pc=0x00007f8dd4648860 method=java.util.HashMap.putVal(ILjava/lang/Object;Ljava/lang/Object;ZZ)Ljava/lang/Object; @ 162
Event: 7.781 Thread 0x00007f8de400a000 Uncommon trap: reason=unstable_if action=reinterpret pc=0x00007f8dd45a0334 method=java.util.HashMap.getNode(ILjava/lang/Object;)Ljava/util/HashMap$Node; @ 84
Event: 8.147 Thread 0x00007f8de413d000 Uncommon trap: reason=unstable_if action=reinterpret pc=0x00007f8dd46d4478 method=java.util.HashMap.putVal(ILjava/lang/Object;Ljava/lang/Object;ZZ)Ljava/lang/Object; @ 162
Event: 8.852 Thread 0x00007f8de400a000 Uncommon trap: reason=bimorphic action=maybe_recompile pc=0x00007f8dd4994838 method=com.android.dx.cf.code.BytecodeArray.parseInstruction(ILcom/android/dx/cf/code/BytecodeArray$Visitor;)I @ 955
Event: 8.852 Thread 0x00007f8de400a000 Uncommon trap: reason=bimorphic action=maybe_recompile pc=0x00007f8dd4994cb8 method=com.android.dx.cf.code.BytecodeArray.parseInstruction(ILcom/android/dx/cf/code/BytecodeArray$Visitor;)I @ 1130
Event: 8.852 Thread 0x00007f8de400a000 Uncommon trap: reason=bimorphic action=maybe_recompile pc=0x00007f8dd49948bc method=com.android.dx.cf.code.BytecodeArray.parseInstruction(ILcom/android/dx/cf/code/BytecodeArray$Visitor;)I @ 971
Event: 8.852 Thread 0x00007f8de400a000 Uncommon trap: reason=bimorphic action=maybe_recompile pc=0x00007f8dd4994838 method=com.android.dx.cf.code.BytecodeArray.parseInstruction(ILcom/android/dx/cf/code/BytecodeArray$Visitor;)I @ 955
Event: 9.798 Thread 0x00007f8de400a000 Uncommon trap: reason=unstable_if action=reinterpret pc=0x00007f8dd46d30c8 method=com.android.dx.dex.code.OutputFinisher.hasLocalInfo(Lcom/android/dx/dex/code/DalvInsn;)Z @ 24
Event: 10.533 Thread 0x00007f8de413d000 Uncommon trap: reason=unstable_if action=reinterpret pc=0x00007f8dd49d52f0 method=com.android.dx.ssa.SCCP.simulateBranch(Lcom/android/dx/ssa/SsaInsn;)V @ 548

Internal exceptions (6 events):
Event: 0.137 Thread 0x00007f8de400a000 Exception <a 'java/lang/NoSuchMethodError': Method sun.misc.Unsafe.defineClass(Ljava/lang/String;[BII)Ljava/lang/Class; name or signature does not match> (0x00000000eab07cc0) thrown at [/HUDSON3/workspace/8-2-build-linux-amd64/jdk8u101/7261/hotspot/src/sh
Event: 0.137 Thread 0x00007f8de400a000 Exception <a 'java/lang/NoSuchMethodError': Method sun.misc.Unsafe.prefetchRead(Ljava/lang/Object;J)V name or signature does not match> (0x00000000eab07fa8) thrown at [/HUDSON3/workspace/8-2-build-linux-amd64/jdk8u101/7261/hotspot/src/share/vm/prims/jni.c
Event: 5.157 Thread 0x00007f8de413f800 Implicit null exception at 0x00007f8dd4638b6c to 0x00007f8dd463ba39
Event: 7.704 Thread 0x00007f8de400a000 Exception <a 'java/lang/ArrayIndexOutOfBoundsException': 18> (0x00000000ec171998) thrown at [/HUDSON3/workspace/8-2-build-linux-amd64/jdk8u101/7261/hotspot/src/share/vm/interpreter/interpreterRuntime.cpp, line 366]
Event: 7.705 Thread 0x00007f8de400a000 Exception <a 'java/lang/ArrayIndexOutOfBoundsException': 145> (0x00000000ec173518) thrown at [/HUDSON3/workspace/8-2-build-linux-amd64/jdk8u101/7261/hotspot/src/share/vm/interpreter/interpreterRuntime.cpp, line 366]
Event: 7.712 Thread 0x00007f8de400a000 Exception <a 'java/lang/ArrayIndexOutOfBoundsException': 40> (0x00000000ec174800) thrown at [/HUDSON3/workspace/8-2-build-linux-amd64/jdk8u101/7261/hotspot/src/share/vm/interpreter/interpreterRuntime.cpp, line 366]

Events (10 events):
Event: 10.658 Thread 0x00007f8de4139000 DEOPT UNPACKING pc=0x00007f8dd43c0633 sp=0x00007f8dc2a285d8 mode 0
Event: 10.677 Thread 0x00007f8de4139000 DEOPT PACKING pc=0x00007f8dd4624be8 sp=0x00007f8dc2a28380
Event: 10.677 Thread 0x00007f8de4139000 DEOPT UNPACKING pc=0x00007f8dd43c0633 sp=0x00007f8dc2a280c0 mode 0
Event: 10.694 Thread 0x00007f8de413f800 DEOPT PACKING pc=0x00007f8dd45fc047 sp=0x00007f8dc2624b30
Event: 10.694 Thread 0x00007f8de413f800 DEOPT UNPACKING pc=0x00007f8dd43c0633 sp=0x00007f8dc2624898 mode 0
Event: 10.709 Thread 0x00007f8de4139000 DEOPT PACKING pc=0x00007f8dd45fc047 sp=0x00007f8dc2a28930
Event: 10.709 Thread 0x00007f8de4139000 DEOPT UNPACKING pc=0x00007f8dd43c0633 sp=0x00007f8dc2a28698 mode 0
Event: 10.725 Thread 0x00007f8de400a000 DEOPT PACKING pc=0x00007f8dd49860c1 sp=0x00007f8dea3d2d60
Event: 10.725 Thread 0x00007f8de400a000 DEOPT UNPACKING pc=0x00007f8dd43c0633 sp=0x00007f8dea3d2b40 mode 0
Event: 10.730 Executing VM operation: ParallelGCFailedAllocation


Dynamic libraries:
00400000-00401000 r-xp 00000000 fc:01 10100289                           /usr/lib/jvm/java-8-oracle/bin/java
00600000-00601000 rw-p 00000000 fc:01 10100289                           /usr/lib/jvm/java-8-oracle/bin/java
01982000-019a3000 rw-p 00000000 00:00 0                                  [heap]
c0000000-c2300000 rw-p 00000000 00:00 0 
c2300000-eab00000 ---p 00000000 00:00 0 
eab00000-f2e00000 rw-p 00000000 00:00 0 
f7380000-100000000 ---p 00000000 00:00 0 
100000000-1000c0000 rw-p 00000000 00:00 0 
1000c0000-140000000 ---p 00000000 00:00 0 
7f8d80000000-7f8d8003e000 rw-p 00000000 00:00 0 
7f8d8003e000-7f8d84000000 ---p 00000000 00:00 0 
7f8d88000000-7f8d88023000 rw-p 00000000 00:00 0 
7f8d88023000-7f8d8c000000 ---p 00000000 00:00 0 
7f8d8c000000-7f8d8c021000 rw-p 00000000 00:00 0 
7f8d8c021000-7f8d90000000 ---p 00000000 00:00 0 
7f8d90000000-7f8d90025000 rw-p 00000000 00:00 0 
7f8d90025000-7f8d94000000 ---p 00000000 00:00 0 
7f8d94000000-7f8d94021000 rw-p 00000000 00:00 0 
7f8d94021000-7f8d98000000 ---p 00000000 00:00 0 
7f8d98000000-7f8d98021000 rw-p 00000000 00:00 0 
7f8d98021000-7f8d9c000000 ---p 00000000 00:00 0 
7f8d9c000000-7f8d9c021000 rw-p 00000000 00:00 0 
7f8d9c021000-7f8da0000000 ---p 00000000 00:00 0 
7f8da0000000-7f8da09b8000 rw-p 00000000 00:00 0 
7f8da09b8000-7f8da4000000 ---p 00000000 00:00 0 
7f8da4000000-7f8da4b2a000 rw-p 00000000 00:00 0 
7f8da4b2a000-7f8da8000000 ---p 00000000 00:00 0 
7f8da8000000-7f8da8021000 rw-p 00000000 00:00 0 
7f8da8021000-7f8dac000000 ---p 00000000 00:00 0 
7f8dac000000-7f8dacb6d000 rw-p 00000000 00:00 0 
7f8dacb6d000-7f8db0000000 ---p 00000000 00:00 0 
7f8db0000000-7f8db0021000 rw-p 00000000 00:00 0 
7f8db0021000-7f8db4000000 ---p 00000000 00:00 0 
7f8db4000000-7f8db4021000 rw-p 00000000 00:00 0 
7f8db4021000-7f8db8000000 ---p 00000000 00:00 0 
7f8db8000000-7f8db828e000 rw-p 00000000 00:00 0 
7f8db828e000-7f8dbc000000 ---p 00000000 00:00 0 
7f8dbc000000-7f8dbc021000 rw-p 00000000 00:00 0 
7f8dbc021000-7f8dc0000000 ---p 00000000 00:00 0 
7f8dc2526000-7f8dc2529000 ---p 00000000 00:00 0 
7f8dc2529000-7f8dc2627000 rw-p 00000000 00:00 0 
7f8dc2627000-7f8dc262a000 ---p 00000000 00:00 0 
7f8dc262a000-7f8dc2728000 rw-p 00000000 00:00 0 
7f8dc2728000-7f8dc272b000 ---p 00000000 00:00 0 
7f8dc272b000-7f8dc2829000 rw-p 00000000 00:00 0 
7f8dc2829000-7f8dc282c000 ---p 00000000 00:00 0 
7f8dc282c000-7f8dc292a000 rw-p 00000000 00:00 0 
7f8dc292a000-7f8dc292d000 ---p 00000000 00:00 0 
7f8dc292d000-7f8dc2a2b000 rw-p 00000000 00:00 0 
7f8dc2a2b000-7f8dc2a35000 r--s 00097000 00:29 3933672                    /home/joe/AndroidStudioProjects/Goout/app/build/intermediates/exploded-aar/com.android.support/appcompat-v7/24.1.1/jars/classes.jar
7f8dc2a35000-7f8dc2a36000 ---p 00000000 00:00 0 
7f8dc2a36000-7f8dc2b36000 rw-p 00000000 00:00 0 
7f8dc2b36000-7f8dc2b39000 ---p 00000000 00:00 0 
7f8dc2b39000-7f8dc2c37000 rw-p 00000000 00:00 0 
7f8dc2c37000-7f8dc2c3a000 ---p 00000000 00:00 0 
7f8dc2c3a000-7f8dc2d38000 rw-p 00000000 00:00 0 
7f8dc2d38000-7f8dc2d3b000 ---p 00000000 00:00 0 
7f8dc2d3b000-7f8dc2e39000 rw-p 00000000 00:00 0 
7f8dc2e39000-7f8dc2e3c000 ---p 00000000 00:00 0 
7f8dc2e3c000-7f8dc2f3a000 rw-p 00000000 00:00 0 
7f8dc2f3a000-7f8dc2f3d000 ---p 00000000 00:00 0 
7f8dc2f3d000-7f8dc303b000 rw-p 00000000 00:00 0 
7f8dc303b000-7f8dc39fa000 r--p 00000000 fc:01 9968561                    /usr/lib/locale/locale-archive
7f8dc39fa000-7f8dc39fd000 ---p 00000000 00:00 0 
7f8dc39fd000-7f8dc3afb000 rw-p 00000000 00:00 0 
7f8dc3afb000-7f8dc3afe000 ---p 00000000 00:00 0 
7f8dc3afe000-7f8dc3bfc000 rw-p 00000000 00:00 0 
7f8dc3bfc000-7f8dc3bfd000 ---p 00000000 00:00 0 
7f8dc3bfd000-7f8dc4000000 rw-p 00000000 00:00 0 
7f8dc4000000-7f8dc4021000 rw-p 00000000 00:00 0 
7f8dc4021000-7f8dc8000000 ---p 00000000 00:00 0 
7f8dc8000000-7f8dc8021000 rw-p 00000000 00:00 0 
7f8dc8021000-7f8dcc000000 ---p 00000000 00:00 0 
7f8dcc000000-7f8dcc021000 rw-p 00000000 00:00 0 
7f8dcc021000-7f8dd0000000 ---p 00000000 00:00 0 
7f8dd0009000-7f8dd0c85000 rw-p 00000000 00:00 0 
7f8dd0c85000-7f8dd0e5e000 r--s 03d29000 fc:01 10100357                   /usr/lib/jvm/java-8-oracle/jre/lib/rt.jar
7f8dd0e5e000-7f8dd14de000 rw-p 00000000 00:00 0 
7f8dd14de000-7f8dd165e000 ---p 00000000 00:00 0 
7f8dd165e000-7f8dd385e000 rw-p 00000000 00:00 0 
7f8dd385e000-7f8dd385f000 ---p 00000000 00:00 0 
7f8dd385f000-7f8dd395f000 rw-p 00000000 00:00 0 
7f8dd395f000-7f8dd3960000 ---p 00000000 00:00 0 
7f8dd3960000-7f8dd3a60000 rw-p 00000000 00:00 0 
7f8dd3a60000-7f8dd3a61000 ---p 00000000 00:00 0 
7f8dd3a61000-7f8dd3b61000 rw-p 00000000 00:00 0 
7f8dd3b61000-7f8dd3b62000 ---p 00000000 00:00 0 
7f8dd3b62000-7f8dd3c74000 rw-p 00000000 00:00 0 
7f8dd3c74000-7f8dd3db8000 ---p 00000000 00:00 0 
7f8dd3db8000-7f8dd3dca000 rw-p 00000000 00:00 0 
7f8dd3dca000-7f8dd3f0d000 ---p 00000000 00:00 0 
7f8dd3f0d000-7f8dd3f4f000 rw-p 00000000 00:00 0 
7f8dd3f4f000-7f8dd3fb8000 ---p 00000000 00:00 0 
7f8dd3fb8000-7f8dd3fd4000 rw-p 00000000 00:00 0 
7f8dd3fd4000-7f8dd4379000 ---p 00000000 00:00 0 
7f8dd4379000-7f8dd4a39000 rwxp 00000000 00:00 0 
7f8dd4a39000-7f8de3379000 ---p 00000000 00:00 0 
7f8de3379000-7f8de3393000 r-xp 00000000 fc:01 10223858                   /usr/lib/jvm/java-8-oracle/jre/lib/amd64/libzip.so
7f8de3393000-7f8de3593000 ---p 0001a000 fc:01 10223858                   /usr/lib/jvm/java-8-oracle/jre/lib/amd64/libzip.so
7f8de3593000-7f8de3594000 rw-p 0001a000 fc:01 10223858                   /usr/lib/jvm/java-8-oracle/jre/lib/amd64/libzip.so
7f8de3594000-7f8de359f000 r-xp 00000000 fc:01 4723170                    /lib/x86_64-linux-gnu/libnss_files-2.23.so
7f8de359f000-7f8de379e000 ---p 0000b000 fc:01 4723170                    /lib/x86_64-linux-gnu/libnss_files-2.23.so
7f8de379e000-7f8de379f000 r--p 0000a000 fc:01 4723170                    /lib/x86_64-linux-gnu/libnss_files-2.23.so
7f8de379f000-7f8de37a0000 rw-p 0000b000 fc:01 4723170                    /lib/x86_64-linux-gnu/libnss_files-2.23.so
7f8de37a0000-7f8de37a6000 rw-p 00000000 00:00 0 
7f8de37a6000-7f8de37b1000 r-xp 00000000 fc:01 4723180                    /lib/x86_64-linux-gnu/libnss_nis-2.23.so
7f8de37b1000-7f8de39b0000 ---p 0000b000 fc:01 4723180                    /lib/x86_64-linux-gnu/libnss_nis-2.23.so
7f8de39b0000-7f8de39b1000 r--p 0000a000 fc:01 4723180                    /lib/x86_64-linux-gnu/libnss_nis-2.23.so
7f8de39b1000-7f8de39b2000 rw-p 0000b000 fc:01 4723180                    /lib/x86_64-linux-gnu/libnss_nis-2.23.so
7f8de39b2000-7f8de39c8000 r-xp 00000000 fc:01 4723164                    /lib/x86_64-linux-gnu/libnsl-2.23.so
7f8de39c8000-7f8de3bc7000 ---p 00016000 fc:01 4723164                    /lib/x86_64-linux-gnu/libnsl-2.23.so
7f8de3bc7000-7f8de3bc8000 r--p 00015000 fc:01 4723164                    /lib/x86_64-linux-gnu/libnsl-2.23.so
7f8de3bc8000-7f8de3bc9000 rw-p 00016000 fc:01 4723164                    /lib/x86_64-linux-gnu/libnsl-2.23.so
7f8de3bc9000-7f8de3bcb000 rw-p 00000000 00:00 0 
7f8de3bcb000-7f8de3bd3000 r-xp 00000000 fc:01 4723166                    /lib/x86_64-linux-gnu/libnss_compat-2.23.so
7f8de3bd3000-7f8de3dd2000 ---p 00008000 fc:01 4723166                    /lib/x86_64-linux-gnu/libnss_compat-2.23.so
7f8de3dd2000-7f8de3dd3000 r--p 00007000 fc:01 4723166                    /lib/x86_64-linux-gnu/libnss_compat-2.23.so
7f8de3dd3000-7f8de3dd4000 rw-p 00008000 fc:01 4723166                    /lib/x86_64-linux-gnu/libnss_compat-2.23.so
7f8de3dd4000-7f8de3dfe000 r-xp 00000000 fc:01 10223884                   /usr/lib/jvm/java-8-oracle/jre/lib/amd64/libjava.so
7f8de3dfe000-7f8de3ffe000 ---p 0002a000 fc:01 10223884                   /usr/lib/jvm/java-8-oracle/jre/lib/amd64/libjava.so
7f8de3ffe000-7f8de4000000 rw-p 0002a000 fc:01 10223884                   /usr/lib/jvm/java-8-oracle/jre/lib/amd64/libjava.so
7f8de4000000-7f8de4392000 rw-p 00000000 00:00 0 
7f8de4392000-7f8de8000000 ---p 00000000 00:00 0 
7f8de8008000-7f8de80c0000 rw-p 00000000 00:00 0 
7f8de80c0000-7f8de80cd000 r-xp 00000000 fc:01 10223838                   /usr/lib/jvm/java-8-oracle/jre/lib/amd64/libverify.so
7f8de80cd000-7f8de82cd000 ---p 0000d000 fc:01 10223838                   /usr/lib/jvm/java-8-oracle/jre/lib/amd64/libverify.so
7f8de82cd000-7f8de82cf000 rw-p 0000d000 fc:01 10223838                   /usr/lib/jvm/java-8-oracle/jre/lib/amd64/libverify.so
7f8de82cf000-7f8de82d6000 r-xp 00000000 fc:01 4723225                    /lib/x86_64-linux-gnu/librt-2.23.so
7f8de82d6000-7f8de84d5000 ---p 00007000 fc:01 4723225                    /lib/x86_64-linux-gnu/librt-2.23.so
7f8de84d5000-7f8de84d6000 r--p 00006000 fc:01 4723225                    /lib/x86_64-linux-gnu/librt-2.23.so
7f8de84d6000-7f8de84d7000 rw-p 00007000 fc:01 4723225                    /lib/x86_64-linux-gnu/librt-2.23.so
7f8de84d7000-7f8de85df000 r-xp 00000000 fc:01 4723141                    /lib/x86_64-linux-gnu/libm-2.23.so
7f8de85df000-7f8de87de000 ---p 00108000 fc:01 4723141                    /lib/x86_64-linux-gnu/libm-2.23.so
7f8de87de000-7f8de87df000 r--p 00107000 fc:01 4723141                    /lib/x86_64-linux-gnu/libm-2.23.so
7f8de87df000-7f8de87e0000 rw-p 00108000 fc:01 4723141                    /lib/x86_64-linux-gnu/libm-2.23.so
7f8de87e0000-7f8de94ab000 r-xp 00000000 fc:01 10223888                   /usr/lib/jvm/java-8-oracle/jre/lib/amd64/server/libjvm.so
7f8de94ab000-7f8de96aa000 ---p 00ccb000 fc:01 10223888                   /usr/lib/jvm/java-8-oracle/jre/lib/amd64/server/libjvm.so
7f8de96aa000-7f8de9783000 rw-p 00cca000 fc:01 10223888                   /usr/lib/jvm/java-8-oracle/jre/lib/amd64/server/libjvm.so
7f8de9783000-7f8de97ce000 rw-p 00000000 00:00 0 
7f8de97ce000-7f8de998e000 r-xp 00000000 fc:01 4723071                    /lib/x86_64-linux-gnu/libc-2.23.so
7f8de998e000-7f8de9b8d000 ---p 001c0000 fc:01 4723071                    /lib/x86_64-linux-gnu/libc-2.23.so
7f8de9b8d000-7f8de9b91000 r--p 001bf000 fc:01 4723071                    /lib/x86_64-linux-gnu/libc-2.23.so
7f8de9b91000-7f8de9b93000 rw-p 001c3000 fc:01 4723071                    /lib/x86_64-linux-gnu/libc-2.23.so
7f8de9b93000-7f8de9b97000 rw-p 00000000 00:00 0 
7f8de9b97000-7f8de9b9a000 r-xp 00000000 fc:01 4723095                    /lib/x86_64-linux-gnu/libdl-2.23.so
7f8de9b9a000-7f8de9d99000 ---p 00003000 fc:01 4723095                    /lib/x86_64-linux-gnu/libdl-2.23.so
7f8de9d99000-7f8de9d9a000 r--p 00002000 fc:01 4723095                    /lib/x86_64-linux-gnu/libdl-2.23.so
7f8de9d9a000-7f8de9d9b000 rw-p 00003000 fc:01 4723095                    /lib/x86_64-linux-gnu/libdl-2.23.so
7f8de9d9b000-7f8de9db0000 r-xp 00000000 fc:01 10097016                   /usr/lib/jvm/java-8-oracle/lib/amd64/jli/libjli.so
7f8de9db0000-7f8de9fb0000 ---p 00015000 fc:01 10097016                   /usr/lib/jvm/java-8-oracle/lib/amd64/jli/libjli.so
7f8de9fb0000-7f8de9fb1000 rw-p 00015000 fc:01 10097016                   /usr/lib/jvm/java-8-oracle/lib/amd64/jli/libjli.so
7f8de9fb1000-7f8de9fc9000 r-xp 00000000 fc:01 4723217                    /lib/x86_64-linux-gnu/libpthread-2.23.so
7f8de9fc9000-7f8dea1c8000 ---p 00018000 fc:01 4723217                    /lib/x86_64-linux-gnu/libpthread-2.23.so
7f8dea1c8000-7f8dea1c9000 r--p 00017000 fc:01 4723217                    /lib/x86_64-linux-gnu/libpthread-2.23.so
7f8dea1c9000-7f8dea1ca000 rw-p 00018000 fc:01 4723217                    /lib/x86_64-linux-gnu/libpthread-2.23.so
7f8dea1ca000-7f8dea1ce000 rw-p 00000000 00:00 0 
7f8dea1ce000-7f8dea1f4000 r-xp 00000000 fc:01 4723043                    /lib/x86_64-linux-gnu/ld-2.23.so
7f8dea1fb000-7f8dea2d4000 rw-p 00000000 00:00 0 
7f8dea2d4000-7f8dea2d7000 ---p 00000000 00:00 0 
7f8dea2d7000-7f8dea3d9000 rw-p 00000000 00:00 0 
7f8dea3d9000-7f8dea3e7000 r--s 000e0000 00:29 5248016                    /home/joe/Android/Sdk/build-tools/24.0.1/lib/dx.jar
7f8dea3e7000-7f8dea3ef000 rw-s 00000000 fc:01 4854311                    /tmp/hsperfdata_joe/3866
7f8dea3ef000-7f8dea3f0000 rw-p 00000000 00:00 0 
7f8dea3f0000-7f8dea3f1000 ---p 00000000 00:00 0 
7f8dea3f1000-7f8dea3f3000 rw-p 00000000 00:00 0 
7f8dea3f3000-7f8dea3f4000 r--p 00025000 fc:01 4723043                    /lib/x86_64-linux-gnu/ld-2.23.so
7f8dea3f4000-7f8dea3f5000 rw-p 00026000 fc:01 4723043                    /lib/x86_64-linux-gnu/ld-2.23.so
7f8dea3f5000-7f8dea3f6000 rw-p 00000000 00:00 0 
7ffce7fe7000-7ffce8009000 rw-p 00000000 00:00 0                          [stack]
7ffce80b3000-7ffce80b5000 r--p 00000000 00:00 0                          [vvar]
7ffce80b5000-7ffce80b7000 r-xp 00000000 00:00 0                          [vdso]
ffffffffff600000-ffffffffff601000 r-xp 00000000 00:00 0                  [vsyscall]

VM Arguments:
jvm_args: -Djava.awt.headless=true -Xmx1024M -Dfile.encoding=UTF-8 -Duser.country=US -Duser.language=en -Duser.variant 
java_command: com.android.dx.command.Main --dex --force-jumbo --num-threads=4 --multi-dex --output /home/joe/AndroidStudioProjects/Goout/app/build/intermediates/transforms/dex/debug/folders/1000/10/com.android.support-appcompat-v7-24.1.1_286999e417042a2ab9693c1fcac472ebed5117b8 /home/joe/AndroidStudioProjects/Goout/app/build/intermediates/exploded-aar/com.android.support/appcompat-v7/24.1.1/jars/classes.jar
java_class_path (initial): /home/joe/Android/Sdk/build-tools/24.0.1/lib/dx.jar
Launcher Type: SUN_STANDARD

Environment Variables:
PATH=/home/joe/.rbenv/plugins/ruby-build/bin:/home/joe/.rbenv/plugins/ruby-build/bin:/home/joe/.rbenv/shims:/home/joe/.rbenv/bin:/home/joe/bin:/home/joe/.local/bin:/usr/local/sbin:/usr/local/bin:/usr/sbin:/usr/bin:/sbin:/bin:/usr/games:/usr/local/games:/snap/bin:/home/joe/.rvm/bin:/home/joe/.rvm/bin
LD_LIBRARY_PATH=.:
SHELL=/bin/bash
DISPLAY=:0

Signal Handlers:
SIGSEGV: [libjvm.so+0xac4790], sa_mask[0]=11111111011111111101111111111110, sa_flags=SA_RESTART|SA_SIGINFO
SIGBUS: [libjvm.so+0xac4790], sa_mask[0]=11111111011111111101111111111110, sa_flags=SA_RESTART|SA_SIGINFO
SIGFPE: [libjvm.so+0x91f140], sa_mask[0]=11111111011111111101111111111110, sa_flags=SA_RESTART|SA_SIGINFO
SIGPIPE: [libjvm.so+0x91f140], sa_mask[0]=11111111011111111101111111111110, sa_flags=SA_RESTART|SA_SIGINFO
SIGXFSZ: [libjvm.so+0x91f140], sa_mask[0]=11111111011111111101111111111110, sa_flags=SA_RESTART|SA_SIGINFO
SIGILL: [libjvm.so+0x91f140], sa_mask[0]=11111111011111111101111111111110, sa_flags=SA_RESTART|SA_SIGINFO
SIGUSR1: SIG_DFL, sa_mask[0]=00000000000000000000000000000000, sa_flags=none
SIGUSR2: [libjvm.so+0x920770], sa_mask[0]=00100000000000000000000000000000, sa_flags=SA_RESTART|SA_SIGINFO
SIGHUP: [libjvm.so+0x921b70], sa_mask[0]=11111111011111111101111111111110, sa_flags=SA_RESTART|SA_SIGINFO
SIGINT: [libjvm.so+0x921b70], sa_mask[0]=11111111011111111101111111111110, sa_flags=SA_RESTART|SA_SIGINFO
SIGTERM: [libjvm.so+0x921b70], sa_mask[0]=11111111011111111101111111111110, sa_flags=SA_RESTART|SA_SIGINFO
SIGQUIT: [libjvm.so+0x921b70], sa_mask[0]=11111111011111111101111111111110, sa_flags=SA_RESTART|SA_SIGINFO


---------------  S Y S T E M  ---------------

OS:DISTRIB_ID=Ubuntu
DISTRIB_RELEASE=16.04
DISTRIB_CODENAME=xenial
DISTRIB_DESCRIPTION="Ubuntu 16.04.1 LTS"

uname:Linux 4.4.0-34-generic #53-Ubuntu SMP Wed Jul 27 16:06:39 UTC 2016 x86_64
libc:glibc 2.23 NPTL 2.23 
rlimit: STACK 8192k, CORE 0k, NPROC 12926, NOFILE 65536, AS infinity
load average:7.79 1.88 0.71

/proc/meminfo:
MemTotal:        3350060 kB
MemFree:           84156 kB
MemAvailable:          0 kB
Buffers:             472 kB
Cached:           401676 kB
SwapCached:          780 kB
Active:          2283296 kB
Inactive:         728952 kB
Active(anon):    2275936 kB
Inactive(anon):   722696 kB
Active(file):       7360 kB
Inactive(file):     6256 kB
Unevictable:          64 kB
Mlocked:              64 kB
SwapTotal:       3485180 kB
SwapFree:              0 kB
Dirty:                12 kB
Writeback:             4 kB
AnonPages:       2610596 kB
Mapped:            95508 kB
Shmem:            387504 kB
Slab:             107112 kB
SReclaimable:      43548 kB
SUnreclaim:        63564 kB
KernelStack:       16096 kB
PageTables:        76340 kB
NFS_Unstable:          0 kB
Bounce:                0 kB
WritebackTmp:          0 kB
CommitLimit:     5160208 kB
Committed_AS:   16238744 kB
VmallocTotal:   34359738367 kB
VmallocUsed:           0 kB
VmallocChunk:          0 kB
HardwareCorrupted:     0 kB
AnonHugePages:    577536 kB
CmaTotal:              0 kB
CmaFree:               0 kB
HugePages_Total:       0
HugePages_Free:        0
HugePages_Rsvd:        0
HugePages_Surp:        0
Hugepagesize:       2048 kB
DirectMap4k:      240620 kB
DirectMap2M:     3248128 kB


CPU:total 4 (2 cores per cpu, 2 threads per core) family 6 model 42 stepping 7, cmov, cx8, fxsr, mmx, sse, sse2, sse3, ssse3, sse4.1, sse4.2, popcnt, avx, aes, clmul, ht, tsc, tscinvbit

/proc/cpuinfo:
processor	: 0
vendor_id	: GenuineIntel
cpu family	: 6
model		: 42
model name	: Intel(R) Core(TM) i7-2637M CPU @ 1.70GHz
stepping	: 7
microcode	: 0x25
cpu MHz		: 2212.722
cache size	: 4096 KB
physical id	: 0
siblings	: 4
core id		: 0
cpu cores	: 2
apicid		: 0
initial apicid	: 0
fpu		: yes
fpu_exception	: yes
cpuid level	: 13
wp		: yes
flags		: fpu vme de pse tsc msr pae mce cx8 apic sep mtrr pge mca cmov pat pse36 clflush dts acpi mmx fxsr sse sse2 ss ht tm pbe syscall nx rdtscp lm constant_tsc arch_perfmon pebs bts nopl xtopology nonstop_tsc aperfmperf eagerfpu pni pclmulqdq dtes64 monitor ds_cpl vmx smx est tm2 ssse3 cx16 xtpr pdcm pcid sse4_1 sse4_2 x2apic popcnt tsc_deadline_timer aes xsave avx lahf_lm epb tpr_shadow vnmi flexpriority ept vpid xsaveopt dtherm ida arat pln pts
bugs		:
bogomips	: 3392.61
clflush size	: 64
cache_alignment	: 64
address sizes	: 36 bits physical, 48 bits virtual
power management:

processor	: 1
vendor_id	: GenuineIntel
cpu family	: 6
model		: 42
model name	: Intel(R) Core(TM) i7-2637M CPU @ 1.70GHz
stepping	: 7
microcode	: 0x25
cpu MHz		: 2212.390
cache size	: 4096 KB
physical id	: 0
siblings	: 4
core id		: 0
cpu cores	: 2
apicid		: 1
initial apicid	: 1
fpu		: yes
fpu_exception	: yes
cpuid level	: 13
wp		: yes
flags		: fpu vme de pse tsc msr pae mce cx8 apic sep mtrr pge mca cmov pat pse36 clflush dts acpi mmx fxsr sse sse2 ss ht tm pbe syscall nx rdtscp lm constant_tsc arch_perfmon pebs bts nopl xtopology nonstop_tsc aperfmperf eagerfpu pni pclmulqdq dtes64 monitor ds_cpl vmx smx est tm2 ssse3 cx16 xtpr pdcm pcid sse4_1 sse4_2 x2apic popcnt tsc_deadline_timer aes xsave avx lahf_lm epb tpr_shadow vnmi flexpriority ept vpid xsaveopt dtherm ida arat pln pts
bugs		:
bogomips	: 3392.61
clflush size	: 64
cache_alignment	: 64
address sizes	: 36 bits physical, 48 bits virtual
power management:

processor	: 2
vendor_id	: GenuineIntel
cpu family	: 6
model		: 42
model name	: Intel(R) Core(TM) i7-2637M CPU @ 1.70GHz
stepping	: 7
microcode	: 0x25
cpu MHz		: 2212.390
cache size	: 4096 KB
physical id	: 0
siblings	: 4
core id		: 1
cpu cores	: 2
apicid		: 2
initial apicid	: 2
fpu		: yes
fpu_exception	: yes
cpuid level	: 13
wp		: yes
flags		: fpu vme de pse tsc msr pae mce cx8 apic sep mtrr pge mca cmov pat pse36 clflush dts acpi mmx fxsr sse sse2 ss ht tm pbe syscall nx rdtscp lm constant_tsc arch_perfmon pebs bts nopl xtopology nonstop_tsc aperfmperf eagerfpu pni pclmulqdq dtes64 monitor ds_cpl vmx smx est tm2 ssse3 cx16 xtpr pdcm pcid sse4_1 sse4_2 x2apic popcnt tsc_deadline_timer aes xsave avx lahf_lm epb tpr_shadow vnmi flexpriority ept vpid xsaveopt dtherm ida arat pln pts
bugs		:
bogomips	: 3392.61
clflush size	: 64
cache_alignment	: 64
address sizes	: 36 bits physical, 48 bits virtual
power management:

processor	: 3
vendor_id	: GenuineIntel
cpu family	: 6
model		: 42
model name	: Intel(R) Core(TM) i7-2637M CPU @ 1.70GHz
stepping	: 7
microcode	: 0x25
cpu MHz		: 2279.128
cache size	: 4096 KB
physical id	: 0
siblings	: 4
core id		: 1
cpu cores	: 2
apicid		: 3
initial apicid	: 3
fpu		: yes
fpu_exception	: yes
cpuid level	: 13
wp		: yes
flags		: fpu vme de pse tsc msr pae mce cx8 apic sep mtrr pge mca cmov pat pse36 clflush dts acpi mmx fxsr sse sse2 ss ht tm pbe syscall nx rdtscp lm constant_tsc arch_perfmon pebs bts nopl xtopology nonstop_tsc aperfmperf eagerfpu pni pclmulqdq dtes64 monitor ds_cpl vmx smx est tm2 ssse3 cx16 xtpr pdcm pcid sse4_1 sse4_2 x2apic popcnt tsc_deadline_timer aes xsave avx lahf_lm epb tpr_shadow vnmi flexpriority ept vpid xsaveopt dtherm ida arat pln pts
bugs		:
bogomips	: 3392.61
clflush size	: 64
cache_alignment	: 64
address sizes	: 36 bits physical, 48 bits virtual
power management:



Memory: 4k page, physical 3350060k(158356k free), swap 3485180k(0k free)

vm_info: Java HotSpot(TM) 64-Bit Server VM (25.101-b13) for linux-amd64 JRE (1.8.0_101-b13), built on Jun 22 2016 02:59:44 by "java_re" with gcc 4.3.0 20080428 (Red Hat 4.3.0-8)

time: Sat Aug 20 16:39:55 2016
elapsed time: 13 seconds (0d 0h 0m 13s)

