#
# There is insufficient memory for the Java Runtime Environment to continue.
# Native memory allocation (mmap) failed to map 123731968 bytes for committing reserved memory.
# Possible reasons:
#   The system is out of physical RAM or swap space
#   In 32 bit mode, the process size limit was hit
# Possible solutions:
#   Reduce memory load on the system
#   Increase physical memory or swap space
#   Check if swap backing store is full
#   Use 64 bit Java on a 64 bit OS
#   Decrease Java heap size (-Xmx/-Xms)
#   Decrease number of Java threads
#   Decrease Java thread stack sizes (-Xss)
#   Set larger code cache with -XX:ReservedCodeCacheSize=
# This output file may be truncated or incomplete.
#
#  Out of Memory Error (os_linux.cpp:2627), pid=4942, tid=0x00007f8fe99f9700
#
# JRE version: Java(TM) SE Runtime Environment (8.0_101-b13) (build 1.8.0_101-b13)
# Java VM: Java HotSpot(TM) 64-Bit Server VM (25.101-b13 mixed mode linux-amd64 compressed oops)
# Failed to write core dump. Core dumps have been disabled. To enable core dumping, try "ulimit -c unlimited" before starting Java again
#

---------------  T H R E A D  ---------------

Current thread (0x00007f9008078000):  VMThread [stack: 0x00007f8fe98f9000,0x00007f8fe99fa000] [id=4962]

Stack: [0x00007f8fe98f9000,0x00007f8fe99fa000],  sp=0x00007f8fe99f8220,  free space=1020k
Native frames: (J=compiled Java code, j=interpreted, Vv=VM code, C=native code)
V  [libjvm.so+0xac3f0a]  VMError::report_and_die()+0x2ba
V  [libjvm.so+0x4fbf9b]  report_vm_out_of_memory(char const*, int, unsigned long, VMErrorType, char const*)+0x8b
V  [libjvm.so+0x9222d3]  os::Linux::commit_memory_impl(char*, unsigned long, bool)+0x103
V  [libjvm.so+0x922829]  os::pd_commit_memory(char*, unsigned long, unsigned long, bool)+0x29
V  [libjvm.so+0x91cb2a]  os::commit_memory(char*, unsigned long, unsigned long, bool)+0x2a
V  [libjvm.so+0x991053]  PSVirtualSpace::expand_by(unsigned long)+0x53
V  [libjvm.so+0x992458]  PSYoungGen::resize_generation(unsigned long, unsigned long)+0xf8
V  [libjvm.so+0x9915b2]  PSYoungGen::resize(unsigned long, unsigned long)+0x22
V  [libjvm.so+0x98e88b]  PSScavenge::invoke_no_policy()+0xf3b
V  [libjvm.so+0x98f011]  PSScavenge::invoke()+0x41
V  [libjvm.so+0x945fc0]  ParallelScavengeHeap::failed_mem_allocate(unsigned long)+0x70
V  [libjvm.so+0xac5927]  VM_ParallelGCFailedAllocation::doit()+0x97
V  [libjvm.so+0xacd405]  VM_Operation::evaluate()+0x55
V  [libjvm.so+0xacb7da]  VMThread::evaluate_operation(VM_Operation*)+0xba
V  [libjvm.so+0xacbb5e]  VMThread::loop()+0x1ce
V  [libjvm.so+0xacbfd0]  VMThread::run()+0x70
V  [libjvm.so+0x924698]  java_start(Thread*)+0x108

VM_Operation (0x00007f8fe842cdd0): ParallelGCFailedAllocation, mode: safepoint, requested by thread 0x00007f9008145800


---------------  P R O C E S S  ---------------

Java Threads: ( => current thread )
  0x00007f9008147000 JavaThread "pool-2-thread-4" [_thread_blocked, id=4990, stack(0x00007f8fe822d000,0x00007f8fe832e000)]
  0x00007f9008145800 JavaThread "pool-2-thread-3" [_thread_blocked, id=4989, stack(0x00007f8fe832e000,0x00007f8fe842f000)]
  0x00007f9008144000 JavaThread "pool-2-thread-2" [_thread_blocked, id=4988, stack(0x00007f8fe842f000,0x00007f8fe8530000)]
  0x00007f9008141000 JavaThread "pool-3-thread-1" [_thread_blocked, id=4987, stack(0x00007f8fe8530000,0x00007f8fe8631000)]
  0x00007f900813f000 JavaThread "pool-2-thread-1" [_thread_blocked, id=4985, stack(0x00007f8fe8631000,0x00007f8fe8732000)]
  0x00007f90080c0800 JavaThread "Service Thread" daemon [_thread_blocked, id=4976, stack(0x00007f8fe8833000,0x00007f8fe8934000)]
  0x00007f90080bd800 JavaThread "C1 CompilerThread2" daemon [_thread_blocked, id=4974, stack(0x00007f8fe8934000,0x00007f8fe8a35000)]
  0x00007f90080bc000 JavaThread "C2 CompilerThread1" daemon [_thread_blocked, id=4972, stack(0x00007f8fe8a35000,0x00007f8fe8b36000)]
  0x00007f90080b9000 JavaThread "C2 CompilerThread0" daemon [_thread_blocked, id=4970, stack(0x00007f8fe8b36000,0x00007f8fe8c37000)]
  0x00007f90080b7800 JavaThread "Signal Dispatcher" daemon [_thread_blocked, id=4968, stack(0x00007f8fe8c37000,0x00007f8fe8d38000)]
  0x00007f9008084000 JavaThread "Finalizer" daemon [_thread_blocked, id=4966, stack(0x00007f8fe96f7000,0x00007f8fe97f8000)]
  0x00007f900807f800 JavaThread "Reference Handler" daemon [_thread_blocked, id=4963, stack(0x00007f8fe97f8000,0x00007f8fe98f9000)]
  0x00007f900800a000 JavaThread "main" [_thread_blocked, id=4946, stack(0x00007f90100ce000,0x00007f90101cf000)]

Other Threads:
=>0x00007f9008078000 VMThread [stack: 0x00007f8fe98f9000,0x00007f8fe99fa000] [id=4962]
  0x00007f90080c3800 WatcherThread [stack: 0x00007f8fe8732000,0x00007f8fe8833000] [id=4977]

VM state:at safepoint (normal execution)

VM Mutex/Monitor currently owned by a thread:  ([mutex/lock_event])
[0x00007f9008006510] Threads_lock - owner thread: 0x00007f9008078000
[0x00007f9008006a10] Heap_lock - owner thread: 0x00007f9008145800

Heap:
 PSYoungGen      total 118272K, used 13310K [0x00000000eab00000, 0x00000000f2d00000, 0x0000000100000000)
  eden space 104960K, 0% used [0x00000000eab00000,0x00000000eab00000,0x00000000f1180000)
  from space 13312K, 99% used [0x00000000f1180000,0x00000000f1e7fa88,0x00000000f1e80000)
  to   space 11776K, 0% used [0x00000000f1e80000,0x00000000f1e80000,0x00000000f2a00000)
 ParOldGen       total 35840K, used 30245K [0x00000000c0000000, 0x00000000c2300000, 0x00000000eab00000)
  object space 35840K, 84% used [0x00000000c0000000,0x00000000c1d89468,0x00000000c2300000)
 Metaspace       used 6222K, capacity 7128K, committed 7424K, reserved 1056768K
  class space    used 613K, capacity 656K, committed 768K, reserved 1048576K

Card table byte_map: [0x00007f900cc72000,0x00007f900ce73000] byte_map_base: 0x00007f900c672000

Marking Bits: (ParMarkBitMap*) 0x00007f900f59b120
 Begin Bits: [0x00007f8fea000000, 0x00007f8feb000000)
 End Bits:   [0x00007f8feb000000, 0x00007f8fec000000)

Polling page: 0x00007f90101ea000

CodeCache: size=245760Kb used=6214Kb max_used=6214Kb free=239545Kb
 bounds [0x00007f8ff9000000, 0x00007f8ff9620000, 0x00007f9008000000]
 total_blobs=1840 nmethods=1572 adapters=182
 compilation: enabled

Compilation events (10 events):
Event: 8.557 Thread 0x00007f90080bd800 nmethod 1921 0x00007f8ff9610d90 code [0x00007f8ff9610f20, 0x00007f8ff96111c8]
Event: 8.557 Thread 0x00007f90080bd800 1922       2       com.android.dx.cf.iface.StdMember::getName (8 bytes)
Event: 8.557 Thread 0x00007f90080bd800 nmethod 1922 0x00007f8ff9611450 code [0x00007f8ff96115a0, 0x00007f8ff96116f0]
Event: 8.557 Thread 0x00007f90080bd800 1923       2       com.android.dx.dex.cf.OptimizerOptions::shouldOptimize (38 bytes)
Event: 8.558 Thread 0x00007f90080bd800 nmethod 1923 0x00007f8ff9611790 code [0x00007f8ff9611920, 0x00007f8ff9611c18]
Event: 8.558 Thread 0x00007f90080bd800 1970       2       com.android.dx.cf.code.Ropper::addReturnBlock (228 bytes)
Event: 8.665 Thread 0x00007f90080bd800 nmethod 1970 0x00007f8ff9611ed0 code [0x00007f8ff9612240, 0x00007f8ff9613448]
Event: 8.665 Thread 0x00007f90080bd800 1979       1       com.android.dx.rop.cst.CstType::getType (4 bytes)
Event: 8.665 Thread 0x00007f90080bd800 nmethod 1979 0x00007f8ff9615390 code [0x00007f8ff96154e0, 0x00007f8ff96155f0]
Event: 8.666 Thread 0x00007f90080bd800 1971       2       com.android.dx.cf.code.Ropper::addSynchExceptionHandlerBlock (206 bytes)

GC Heap History (10 events):
Event: 2.566 GC heap after
Heap after GC invocations=2 (full 0):
 PSYoungGen      total 28672K, used 2039K [0x00000000eab00000, 0x00000000ec900000, 0x0000000100000000)
  eden space 26624K, 0% used [0x00000000eab00000,0x00000000eab00000,0x00000000ec500000)
  from space 2048K, 99% used [0x00000000ec700000,0x00000000ec8fdc78,0x00000000ec900000)
  to   space 2048K, 0% used [0x00000000ec500000,0x00000000ec500000,0x00000000ec700000)
 ParOldGen       total 35840K, used 1670K [0x00000000c0000000, 0x00000000c2300000, 0x00000000eab00000)
  object space 35840K, 4% used [0x00000000c0000000,0x00000000c01a1b60,0x00000000c2300000)
 Metaspace       used 5595K, capacity 6576K, committed 6784K, reserved 1056768K
  class space    used 590K, capacity 616K, committed 640K, reserved 1048576K
}
Event: 4.103 GC heap before
{Heap before GC invocations=3 (full 0):
 PSYoungGen      total 28672K, used 28663K [0x00000000eab00000, 0x00000000ec900000, 0x0000000100000000)
  eden space 26624K, 100% used [0x00000000eab00000,0x00000000ec500000,0x00000000ec500000)
  from space 2048K, 99% used [0x00000000ec700000,0x00000000ec8fdc78,0x00000000ec900000)
  to   space 2048K, 0% used [0x00000000ec500000,0x00000000ec500000,0x00000000ec700000)
 ParOldGen       total 35840K, used 1670K [0x00000000c0000000, 0x00000000c2300000, 0x00000000eab00000)
  object space 35840K, 4% used [0x00000000c0000000,0x00000000c01a1b60,0x00000000c2300000)
 Metaspace       used 5838K, capacity 6832K, committed 7040K, reserved 1056768K
  class space    used 593K, capacity 616K, committed 640K, reserved 1048576K
Event: 4.156 GC heap after
Heap after GC invocations=3 (full 0):
 PSYoungGen      total 28672K, used 2041K [0x00000000eab00000, 0x00000000ee300000, 0x0000000100000000)
  eden space 26624K, 0% used [0x00000000eab00000,0x00000000eab00000,0x00000000ec500000)
  from space 2048K, 99% used [0x00000000ec500000,0x00000000ec6fe650,0x00000000ec700000)
  to   space 2048K, 0% used [0x00000000ee100000,0x00000000ee100000,0x00000000ee300000)
 ParOldGen       total 35840K, used 6106K [0x00000000c0000000, 0x00000000c2300000, 0x00000000eab00000)
  object space 35840K, 17% used [0x00000000c0000000,0x00000000c05f69b8,0x00000000c2300000)
 Metaspace       used 5838K, capacity 6832K, committed 7040K, reserved 1056768K
  class space    used 593K, capacity 616K, committed 640K, reserved 1048576K
}
Event: 4.682 GC heap before
{Heap before GC invocations=4 (full 0):
 PSYoungGen      total 28672K, used 28665K [0x00000000eab00000, 0x00000000ee300000, 0x0000000100000000)
  eden space 26624K, 100% used [0x00000000eab00000,0x00000000ec500000,0x00000000ec500000)
  from space 2048K, 99% used [0x00000000ec500000,0x00000000ec6fe650,0x00000000ec700000)
  to   space 2048K, 0% used [0x00000000ee100000,0x00000000ee100000,0x00000000ee300000)
 ParOldGen       total 35840K, used 6106K [0x00000000c0000000, 0x00000000c2300000, 0x00000000eab00000)
  object space 35840K, 17% used [0x00000000c0000000,0x00000000c05f69b8,0x00000000c2300000)
 Metaspace       used 5865K, capacity 6832K, committed 7040K, reserved 1056768K
  class space    used 593K, capacity 616K, committed 640K, reserved 1048576K
Event: 4.707 GC heap after
Heap after GC invocations=4 (full 0):
 PSYoungGen      total 55296K, used 2025K [0x00000000eab00000, 0x00000000ee300000, 0x0000000100000000)
  eden space 53248K, 0% used [0x00000000eab00000,0x00000000eab00000,0x00000000edf00000)
  from space 2048K, 98% used [0x00000000ee100000,0x00000000ee2fa438,0x00000000ee300000)
  to   space 2048K, 0% used [0x00000000edf00000,0x00000000edf00000,0x00000000ee100000)
 ParOldGen       total 35840K, used 10194K [0x00000000c0000000, 0x00000000c2300000, 0x00000000eab00000)
  object space 35840K, 28% used [0x00000000c0000000,0x00000000c09f48f8,0x00000000c2300000)
 Metaspace       used 5865K, capacity 6832K, committed 7040K, reserved 1056768K
  class space    used 593K, capacity 616K, committed 640K, reserved 1048576K
}
Event: 5.613 GC heap before
{Heap before GC invocations=5 (full 0):
 PSYoungGen      total 55296K, used 55273K [0x00000000eab00000, 0x00000000ee300000, 0x0000000100000000)
  eden space 53248K, 100% used [0x00000000eab00000,0x00000000edf00000,0x00000000edf00000)
  from space 2048K, 98% used [0x00000000ee100000,0x00000000ee2fa438,0x00000000ee300000)
  to   space 2048K, 0% used [0x00000000edf00000,0x00000000edf00000,0x00000000ee100000)
 ParOldGen       total 35840K, used 10194K [0x00000000c0000000, 0x00000000c2300000, 0x00000000eab00000)
  object space 35840K, 28% used [0x00000000c0000000,0x00000000c09f48f8,0x00000000c2300000)
 Metaspace       used 5904K, capacity 6896K, committed 7040K, reserved 1056768K
  class space    used 593K, capacity 616K, committed 640K, reserved 1048576K
Event: 5.716 GC heap after
Heap after GC invocations=5 (full 0):
 PSYoungGen      total 55296K, used 2025K [0x00000000eab00000, 0x00000000f2a00000, 0x0000000100000000)
  eden space 53248K, 0% used [0x00000000eab00000,0x00000000eab00000,0x00000000edf00000)
  from space 2048K, 98% used [0x00000000edf00000,0x00000000ee0fa438,0x00000000ee100000)
  to   space 11776K, 0% used [0x00000000f1e80000,0x00000000f1e80000,0x00000000f2a00000)
 ParOldGen       total 35840K, used 17973K [0x00000000c0000000, 0x00000000c2300000, 0x00000000eab00000)
  object space 35840K, 50% used [0x00000000c0000000,0x00000000c118d7c0,0x00000000c2300000)
 Metaspace       used 5904K, capacity 6896K, committed 7040K, reserved 1056768K
  class space    used 593K, capacity 616K, committed 640K, reserved 1048576K
}
Event: 6.459 GC heap before
{Heap before GC invocations=6 (full 0):
 PSYoungGen      total 55296K, used 55273K [0x00000000eab00000, 0x00000000f2a00000, 0x0000000100000000)
  eden space 53248K, 100% used [0x00000000eab00000,0x00000000edf00000,0x00000000edf00000)
  from space 2048K, 98% used [0x00000000edf00000,0x00000000ee0fa438,0x00000000ee100000)
  to   space 11776K, 0% used [0x00000000f1e80000,0x00000000f1e80000,0x00000000f2a00000)
 ParOldGen       total 35840K, used 17973K [0x00000000c0000000, 0x00000000c2300000, 0x00000000eab00000)
  object space 35840K, 50% used [0x00000000c0000000,0x00000000c118d7c0,0x00000000c2300000)
 Metaspace       used 5976K, capacity 6960K, committed 7040K, reserved 1056768K
  class space    used 593K, capacity 616K, committed 640K, reserved 1048576K
Event: 6.565 GC heap after
Heap after GC invocations=6 (full 0):
 PSYoungGen      total 116736K, used 9458K [0x00000000eab00000, 0x00000000f2d00000, 0x0000000100000000)
  eden space 104960K, 0% used [0x00000000eab00000,0x00000000eab00000,0x00000000f1180000)
  from space 11776K, 80% used [0x00000000f1e80000,0x00000000f27bca68,0x00000000f2a00000)
  to   space 13312K, 0% used [0x00000000f1180000,0x00000000f1180000,0x00000000f1e80000)
 ParOldGen       total 35840K, used 17973K [0x00000000c0000000, 0x00000000c2300000, 0x00000000eab00000)
  object space 35840K, 50% used [0x00000000c0000000,0x00000000c118d7c0,0x00000000c2300000)
 Metaspace       used 5976K, capacity 6960K, committed 7040K, reserved 1056768K
  class space    used 593K, capacity 616K, committed 640K, reserved 1048576K
}
Event: 8.730 GC heap before
{Heap before GC invocations=7 (full 0):
 PSYoungGen      total 116736K, used 114418K [0x00000000eab00000, 0x00000000f2d00000, 0x0000000100000000)
  eden space 104960K, 100% used [0x00000000eab00000,0x00000000f1180000,0x00000000f1180000)
  from space 11776K, 80% used [0x00000000f1e80000,0x00000000f27bca68,0x00000000f2a00000)
  to   space 13312K, 0% used [0x00000000f1180000,0x00000000f1180000,0x00000000f1e80000)
 ParOldGen       total 35840K, used 17973K [0x00000000c0000000, 0x00000000c2300000, 0x00000000eab00000)
  object space 35840K, 50% used [0x00000000c0000000,0x00000000c118d7c0,0x00000000c2300000)
 Metaspace       used 6222K, capacity 7128K, committed 7424K, reserved 1056768K
  class space    used 613K, capacity 656K, committed 768K, reserved 1048576K

Deoptimization events (10 events):
Event: 4.773 Thread 0x00007f9008145800 Uncommon trap: reason=bimorphic action=maybe_recompile pc=0x00007f8ff922454c method=java.util.HashMap.getNode(ILjava/lang/Object;)Ljava/util/HashMap$Node; @ 126
Event: 4.773 Thread 0x00007f9008145800 Uncommon trap: reason=bimorphic action=maybe_recompile pc=0x00007f8ff922454c method=java.util.HashMap.getNode(ILjava/lang/Object;)Ljava/util/HashMap$Node; @ 126
Event: 4.773 Thread 0x00007f9008145800 Uncommon trap: reason=bimorphic action=maybe_recompile pc=0x00007f8ff922454c method=java.util.HashMap.getNode(ILjava/lang/Object;)Ljava/util/HashMap$Node; @ 126
Event: 4.774 Thread 0x00007f9008145800 Uncommon trap: reason=bimorphic action=maybe_recompile pc=0x00007f8ff922f0f8 method=java.util.HashMap.getNode(ILjava/lang/Object;)Ljava/util/HashMap$Node; @ 126
Event: 4.857 Thread 0x00007f900800a000 Uncommon trap: reason=unstable_if action=reinterpret pc=0x00007f8ff93aeee0 method=com.android.dx.cf.code.Ropper.labelToResultIndex(I)I @ 34
Event: 4.903 Thread 0x00007f9008144000 Uncommon trap: reason=unstable_if action=reinterpret pc=0x00007f8ff93467bc method=com.android.dx.ssa.SsaMethod.updateOneDefinition(Lcom/android/dx/ssa/SsaInsn;Lcom/android/dx/rop/code/RegisterSpec;)V @ 4
Event: 5.489 Thread 0x00007f900813f000 Uncommon trap: reason=unstable_if action=reinterpret pc=0x00007f8ff933a4c4 method=com.android.dx.util.IntList.binarysearch(I)I @ 105
Event: 6.739 Thread 0x00007f9008144000 Uncommon trap: reason=bimorphic action=maybe_recompile pc=0x00007f8ff94ab7ec method=java.util.HashMap.putVal(ILjava/lang/Object;Ljava/lang/Object;ZZ)Ljava/lang/Object; @ 203
Event: 8.283 Thread 0x00007f900800a000 Uncommon trap: reason=unstable_if action=reinterpret pc=0x00007f8ff9292a88 method=java.util.HashMap.putVal(ILjava/lang/Object;Ljava/lang/Object;ZZ)Ljava/lang/Object; @ 162
Event: 8.380 Thread 0x00007f900800a000 Uncommon trap: reason=unstable_if action=reinterpret pc=0x00007f8ff93c966c method=java.util.HashMap.getNode(ILjava/lang/Object;)Ljava/util/HashMap$Node; @ 84

Internal exceptions (6 events):
Event: 0.217 Thread 0x00007f900800a000 Exception <a 'java/lang/NoSuchMethodError': Method sun.misc.Unsafe.defineClass(Ljava/lang/String;[BII)Ljava/lang/Class; name or signature does not match> (0x00000000eab07cc0) thrown at [/HUDSON3/workspace/8-2-build-linux-amd64/jdk8u101/7261/hotspot/src/sh
Event: 0.217 Thread 0x00007f900800a000 Exception <a 'java/lang/NoSuchMethodError': Method sun.misc.Unsafe.prefetchRead(Ljava/lang/Object;J)V name or signature does not match> (0x00000000eab07fa8) thrown at [/HUDSON3/workspace/8-2-build-linux-amd64/jdk8u101/7261/hotspot/src/share/vm/prims/jni.c
Event: 3.037 Thread 0x00007f9008145800 Implicit null exception at 0x00007f8ff92482a2 to 0x00007f8ff92483a5
Event: 8.328 Thread 0x00007f900800a000 Exception <a 'java/lang/ArrayIndexOutOfBoundsException': 18> (0x00000000f0722620) thrown at [/HUDSON3/workspace/8-2-build-linux-amd64/jdk8u101/7261/hotspot/src/share/vm/interpreter/interpreterRuntime.cpp, line 366]
Event: 8.329 Thread 0x00007f900800a000 Exception <a 'java/lang/ArrayIndexOutOfBoundsException': 145> (0x00000000f07241a0) thrown at [/HUDSON3/workspace/8-2-build-linux-amd64/jdk8u101/7261/hotspot/src/share/vm/interpreter/interpreterRuntime.cpp, line 366]
Event: 8.375 Thread 0x00007f900800a000 Exception <a 'java/lang/ArrayIndexOutOfBoundsException': 40> (0x00000000f0725488) thrown at [/HUDSON3/workspace/8-2-build-linux-amd64/jdk8u101/7261/hotspot/src/share/vm/interpreter/interpreterRuntime.cpp, line 366]

Events (10 events):
Event: 8.380 Thread 0x00007f900800a000 Uncommon trap: trap_request=0xffffff65 fr.pc=0x00007f8ff93c966c
Event: 8.380 Thread 0x00007f900800a000 DEOPT PACKING pc=0x00007f8ff93c966c sp=0x00007f90101cbb70
Event: 8.380 Thread 0x00007f900800a000 DEOPT UNPACKING pc=0x00007f8ff9005229 sp=0x00007f90101cbab0 mode 2
Event: 8.429 Thread 0x00007f900813f000 DEOPT PACKING pc=0x00007f8ff92d378d sp=0x00007f8fe872fb40
Event: 8.429 Thread 0x00007f900813f000 DEOPT UNPACKING pc=0x00007f8ff9047633 sp=0x00007f8fe872f8d0 mode 0
Event: 8.508 Thread 0x00007f900813f000 DEOPT PACKING pc=0x00007f8ff9305bf8 sp=0x00007f8fe872fd30
Event: 8.508 Thread 0x00007f900813f000 DEOPT UNPACKING pc=0x00007f8ff9047633 sp=0x00007f8fe872fb30 mode 0
Event: 8.674 Thread 0x00007f9008147000 DEOPT PACKING pc=0x00007f8ff9305bf8 sp=0x00007f8fe832bb80
Event: 8.674 Thread 0x00007f9008147000 DEOPT UNPACKING pc=0x00007f8ff9047633 sp=0x00007f8fe832b980 mode 0
Event: 8.689 Executing VM operation: ParallelGCFailedAllocation


Dynamic libraries:
00400000-00401000 r-xp 00000000 fc:01 10100289                           /usr/lib/jvm/java-8-oracle/bin/java
00600000-00601000 rw-p 00000000 fc:01 10100289                           /usr/lib/jvm/java-8-oracle/bin/java
018a1000-018c2000 rw-p 00000000 00:00 0                                  [heap]
c0000000-c2300000 rw-p 00000000 00:00 0 
c2300000-eab00000 ---p 00000000 00:00 0 
eab00000-f2d00000 rw-p 00000000 00:00 0 
fa300000-100000000 ---p 00000000 00:00 0 
100000000-1000c0000 rw-p 00000000 00:00 0 
1000c0000-140000000 ---p 00000000 00:00 0 
7f8fa8000000-7f8fa8024000 rw-p 00000000 00:00 0 
7f8fa8024000-7f8fac000000 ---p 00000000 00:00 0 
7f8fb0000000-7f8fb0021000 rw-p 00000000 00:00 0 
7f8fb0021000-7f8fb4000000 ---p 00000000 00:00 0 
7f8fb4000000-7f8fb4021000 rw-p 00000000 00:00 0 
7f8fb4021000-7f8fb8000000 ---p 00000000 00:00 0 
7f8fb8000000-7f8fb8032000 rw-p 00000000 00:00 0 
7f8fb8032000-7f8fbc000000 ---p 00000000 00:00 0 
7f8fbc000000-7f8fbc021000 rw-p 00000000 00:00 0 
7f8fbc021000-7f8fc0000000 ---p 00000000 00:00 0 
7f8fc0000000-7f8fc0021000 rw-p 00000000 00:00 0 
7f8fc0021000-7f8fc4000000 ---p 00000000 00:00 0 
7f8fc4000000-7f8fc4021000 rw-p 00000000 00:00 0 
7f8fc4021000-7f8fc8000000 ---p 00000000 00:00 0 
7f8fc8000000-7f8fc8620000 rw-p 00000000 00:00 0 
7f8fc8620000-7f8fcc000000 ---p 00000000 00:00 0 
7f8fcc000000-7f8fcc8b3000 rw-p 00000000 00:00 0 
7f8fcc8b3000-7f8fd0000000 ---p 00000000 00:00 0 
7f8fd0000000-7f8fd0021000 rw-p 00000000 00:00 0 
7f8fd0021000-7f8fd4000000 ---p 00000000 00:00 0 
7f8fd4000000-7f8fd4893000 rw-p 00000000 00:00 0 
7f8fd4893000-7f8fd8000000 ---p 00000000 00:00 0 
7f8fd8000000-7f8fd8021000 rw-p 00000000 00:00 0 
7f8fd8021000-7f8fdc000000 ---p 00000000 00:00 0 
7f8fdc000000-7f8fdc021000 rw-p 00000000 00:00 0 
7f8fdc021000-7f8fe0000000 ---p 00000000 00:00 0 
7f8fe0000000-7f8fe028e000 rw-p 00000000 00:00 0 
7f8fe028e000-7f8fe4000000 ---p 00000000 00:00 0 
7f8fe4000000-7f8fe4021000 rw-p 00000000 00:00 0 
7f8fe4021000-7f8fe8000000 ---p 00000000 00:00 0 
7f8fe822d000-7f8fe8230000 ---p 00000000 00:00 0 
7f8fe8230000-7f8fe832e000 rw-p 00000000 00:00 0 
7f8fe832e000-7f8fe8331000 ---p 00000000 00:00 0 
7f8fe8331000-7f8fe842f000 rw-p 00000000 00:00 0 
7f8fe842f000-7f8fe8432000 ---p 00000000 00:00 0 
7f8fe8432000-7f8fe8530000 rw-p 00000000 00:00 0 
7f8fe8530000-7f8fe8533000 ---p 00000000 00:00 0 
7f8fe8533000-7f8fe8631000 rw-p 00000000 00:00 0 
7f8fe8631000-7f8fe8634000 ---p 00000000 00:00 0 
7f8fe8634000-7f8fe8732000 rw-p 00000000 00:00 0 
7f8fe8732000-7f8fe8733000 ---p 00000000 00:00 0 
7f8fe8733000-7f8fe8833000 rw-p 00000000 00:00 0 
7f8fe8833000-7f8fe8836000 ---p 00000000 00:00 0 
7f8fe8836000-7f8fe8934000 rw-p 00000000 00:00 0 
7f8fe8934000-7f8fe8937000 ---p 00000000 00:00 0 
7f8fe8937000-7f8fe8a35000 rw-p 00000000 00:00 0 
7f8fe8a35000-7f8fe8a38000 ---p 00000000 00:00 0 
7f8fe8a38000-7f8fe8b36000 rw-p 00000000 00:00 0 
7f8fe8b36000-7f8fe8b39000 ---p 00000000 00:00 0 
7f8fe8b39000-7f8fe8c37000 rw-p 00000000 00:00 0 
7f8fe8c37000-7f8fe8c3a000 ---p 00000000 00:00 0 
7f8fe8c3a000-7f8fe8d38000 rw-p 00000000 00:00 0 
7f8fe8d38000-7f8fe96f7000 r--p 00000000 fc:01 9968561                    /usr/lib/locale/locale-archive
7f8fe96f7000-7f8fe96fa000 ---p 00000000 00:00 0 
7f8fe96fa000-7f8fe97f8000 rw-p 00000000 00:00 0 
7f8fe97f8000-7f8fe97fb000 ---p 00000000 00:00 0 
7f8fe97fb000-7f8fe98f9000 rw-p 00000000 00:00 0 
7f8fe98f9000-7f8fe98fa000 ---p 00000000 00:00 0 
7f8fe98fa000-7f8fec000000 rw-p 00000000 00:00 0 
7f8fec000000-7f8fec021000 rw-p 00000000 00:00 0 
7f8fec021000-7f8ff0000000 ---p 00000000 00:00 0 
7f8ff0000000-7f8ff0021000 rw-p 00000000 00:00 0 
7f8ff0021000-7f8ff4000000 ---p 00000000 00:00 0 
7f8ff4000000-7f8ff4021000 rw-p 00000000 00:00 0 
7f8ff4021000-7f8ff8000000 ---p 00000000 00:00 0 
7f8ff80e2000-7f8ff80f9000 r--s 00101000 00:29 4461674                    /home/joe/AndroidStudioProjects/Goout/app/build/intermediates/exploded-aar/com.android.support/support-v4/24.1.1/jars/classes.jar
7f8ff80f9000-7f8ff8e80000 rw-p 00000000 00:00 0 
7f8ff8e80000-7f8ff9000000 ---p 00000000 00:00 0 
7f8ff9000000-7f8ff9620000 rwxp 00000000 00:00 0 
7f8ff9620000-7f9008000000 ---p 00000000 00:00 0 
7f9008000000-7f9008392000 rw-p 00000000 00:00 0 
7f9008392000-7f900c000000 ---p 00000000 00:00 0 
7f900c015000-7f900c2c9000 rw-p 00000000 00:00 0 
7f900c2c9000-7f900c4a2000 r--s 03d29000 fc:01 10100357                   /usr/lib/jvm/java-8-oracle/jre/lib/rt.jar
7f900c4a2000-7f900c718000 rw-p 00000000 00:00 0 
7f900c718000-7f900c719000 ---p 00000000 00:00 0 
7f900c719000-7f900c819000 rw-p 00000000 00:00 0 
7f900c819000-7f900c81a000 ---p 00000000 00:00 0 
7f900c81a000-7f900c91a000 rw-p 00000000 00:00 0 
7f900c91a000-7f900c91b000 ---p 00000000 00:00 0 
7f900c91b000-7f900ca1b000 rw-p 00000000 00:00 0 
7f900ca1b000-7f900ca1c000 ---p 00000000 00:00 0 
7f900ca1c000-7f900cb2e000 rw-p 00000000 00:00 0 
7f900cb2e000-7f900cc72000 ---p 00000000 00:00 0 
7f900cc72000-7f900cc84000 rw-p 00000000 00:00 0 
7f900cc84000-7f900cdc7000 ---p 00000000 00:00 0 
7f900cdc7000-7f900ce09000 rw-p 00000000 00:00 0 
7f900ce09000-7f900ce72000 ---p 00000000 00:00 0 
7f900ce72000-7f900ce8c000 rw-p 00000000 00:00 0 
7f900ce8c000-7f900d233000 ---p 00000000 00:00 0 
7f900d233000-7f900d24d000 r-xp 00000000 fc:01 10223858                   /usr/lib/jvm/java-8-oracle/jre/lib/amd64/libzip.so
7f900d24d000-7f900d44d000 ---p 0001a000 fc:01 10223858                   /usr/lib/jvm/java-8-oracle/jre/lib/amd64/libzip.so
7f900d44d000-7f900d44e000 rw-p 0001a000 fc:01 10223858                   /usr/lib/jvm/java-8-oracle/jre/lib/amd64/libzip.so
7f900d44e000-7f900d459000 r-xp 00000000 fc:01 4723170                    /lib/x86_64-linux-gnu/libnss_files-2.23.so
7f900d459000-7f900d658000 ---p 0000b000 fc:01 4723170                    /lib/x86_64-linux-gnu/libnss_files-2.23.so
7f900d658000-7f900d659000 r--p 0000a000 fc:01 4723170                    /lib/x86_64-linux-gnu/libnss_files-2.23.so
7f900d659000-7f900d65a000 rw-p 0000b000 fc:01 4723170                    /lib/x86_64-linux-gnu/libnss_files-2.23.so
7f900d65a000-7f900d660000 rw-p 00000000 00:00 0 
7f900d660000-7f900d66b000 r-xp 00000000 fc:01 4723180                    /lib/x86_64-linux-gnu/libnss_nis-2.23.so
7f900d66b000-7f900d86a000 ---p 0000b000 fc:01 4723180                    /lib/x86_64-linux-gnu/libnss_nis-2.23.so
7f900d86a000-7f900d86b000 r--p 0000a000 fc:01 4723180                    /lib/x86_64-linux-gnu/libnss_nis-2.23.so
7f900d86b000-7f900d86c000 rw-p 0000b000 fc:01 4723180                    /lib/x86_64-linux-gnu/libnss_nis-2.23.so
7f900d86c000-7f900d882000 r-xp 00000000 fc:01 4723164                    /lib/x86_64-linux-gnu/libnsl-2.23.so
7f900d882000-7f900da81000 ---p 00016000 fc:01 4723164                    /lib/x86_64-linux-gnu/libnsl-2.23.so
7f900da81000-7f900da82000 r--p 00015000 fc:01 4723164                    /lib/x86_64-linux-gnu/libnsl-2.23.so
7f900da82000-7f900da83000 rw-p 00016000 fc:01 4723164                    /lib/x86_64-linux-gnu/libnsl-2.23.so
7f900da83000-7f900da85000 rw-p 00000000 00:00 0 
7f900da85000-7f900da8d000 r-xp 00000000 fc:01 4723166                    /lib/x86_64-linux-gnu/libnss_compat-2.23.so
7f900da8d000-7f900dc8c000 ---p 00008000 fc:01 4723166                    /lib/x86_64-linux-gnu/libnss_compat-2.23.so
7f900dc8c000-7f900dc8d000 r--p 00007000 fc:01 4723166                    /lib/x86_64-linux-gnu/libnss_compat-2.23.so
7f900dc8d000-7f900dc8e000 rw-p 00008000 fc:01 4723166                    /lib/x86_64-linux-gnu/libnss_compat-2.23.so
7f900dc8e000-7f900dcb8000 r-xp 00000000 fc:01 10223884                   /usr/lib/jvm/java-8-oracle/jre/lib/amd64/libjava.so
7f900dcb8000-7f900deb8000 ---p 0002a000 fc:01 10223884                   /usr/lib/jvm/java-8-oracle/jre/lib/amd64/libjava.so
7f900deb8000-7f900deba000 rw-p 0002a000 fc:01 10223884                   /usr/lib/jvm/java-8-oracle/jre/lib/amd64/libjava.so
7f900deba000-7f900dec7000 r-xp 00000000 fc:01 10223838                   /usr/lib/jvm/java-8-oracle/jre/lib/amd64/libverify.so
7f900dec7000-7f900e0c7000 ---p 0000d000 fc:01 10223838                   /usr/lib/jvm/java-8-oracle/jre/lib/amd64/libverify.so
7f900e0c7000-7f900e0c9000 rw-p 0000d000 fc:01 10223838                   /usr/lib/jvm/java-8-oracle/jre/lib/amd64/libverify.so
7f900e0c9000-7f900e0d0000 r-xp 00000000 fc:01 4723225                    /lib/x86_64-linux-gnu/librt-2.23.so
7f900e0d0000-7f900e2cf000 ---p 00007000 fc:01 4723225                    /lib/x86_64-linux-gnu/librt-2.23.so
7f900e2cf000-7f900e2d0000 r--p 00006000 fc:01 4723225                    /lib/x86_64-linux-gnu/librt-2.23.so
7f900e2d0000-7f900e2d1000 rw-p 00007000 fc:01 4723225                    /lib/x86_64-linux-gnu/librt-2.23.so
7f900e2d1000-7f900e3d9000 r-xp 00000000 fc:01 4723141                    /lib/x86_64-linux-gnu/libm-2.23.so
7f900e3d9000-7f900e5d8000 ---p 00108000 fc:01 4723141                    /lib/x86_64-linux-gnu/libm-2.23.so
7f900e5d8000-7f900e5d9000 r--p 00107000 fc:01 4723141                    /lib/x86_64-linux-gnu/libm-2.23.so
7f900e5d9000-7f900e5da000 rw-p 00108000 fc:01 4723141                    /lib/x86_64-linux-gnu/libm-2.23.so
7f900e5da000-7f900f2a5000 r-xp 00000000 fc:01 10223888                   /usr/lib/jvm/java-8-oracle/jre/lib/amd64/server/libjvm.so
7f900f2a5000-7f900f4a4000 ---p 00ccb000 fc:01 10223888                   /usr/lib/jvm/java-8-oracle/jre/lib/amd64/server/libjvm.so
7f900f4a4000-7f900f57d000 rw-p 00cca000 fc:01 10223888                   /usr/lib/jvm/java-8-oracle/jre/lib/amd64/server/libjvm.so
7f900f57d000-7f900f5c8000 rw-p 00000000 00:00 0 
7f900f5c8000-7f900f788000 r-xp 00000000 fc:01 4723071                    /lib/x86_64-linux-gnu/libc-2.23.so
7f900f788000-7f900f987000 ---p 001c0000 fc:01 4723071                    /lib/x86_64-linux-gnu/libc-2.23.so
7f900f987000-7f900f98b000 r--p 001bf000 fc:01 4723071                    /lib/x86_64-linux-gnu/libc-2.23.so
7f900f98b000-7f900f98d000 rw-p 001c3000 fc:01 4723071                    /lib/x86_64-linux-gnu/libc-2.23.so
7f900f98d000-7f900f991000 rw-p 00000000 00:00 0 
7f900f991000-7f900f994000 r-xp 00000000 fc:01 4723095                    /lib/x86_64-linux-gnu/libdl-2.23.so
7f900f994000-7f900fb93000 ---p 00003000 fc:01 4723095                    /lib/x86_64-linux-gnu/libdl-2.23.so
7f900fb93000-7f900fb94000 r--p 00002000 fc:01 4723095                    /lib/x86_64-linux-gnu/libdl-2.23.so
7f900fb94000-7f900fb95000 rw-p 00003000 fc:01 4723095                    /lib/x86_64-linux-gnu/libdl-2.23.so
7f900fb95000-7f900fbaa000 r-xp 00000000 fc:01 10097016                   /usr/lib/jvm/java-8-oracle/lib/amd64/jli/libjli.so
7f900fbaa000-7f900fdaa000 ---p 00015000 fc:01 10097016                   /usr/lib/jvm/java-8-oracle/lib/amd64/jli/libjli.so
7f900fdaa000-7f900fdab000 rw-p 00015000 fc:01 10097016                   /usr/lib/jvm/java-8-oracle/lib/amd64/jli/libjli.so
7f900fdab000-7f900fdc3000 r-xp 00000000 fc:01 4723217                    /lib/x86_64-linux-gnu/libpthread-2.23.so
7f900fdc3000-7f900ffc2000 ---p 00018000 fc:01 4723217                    /lib/x86_64-linux-gnu/libpthread-2.23.so
7f900ffc2000-7f900ffc3000 r--p 00017000 fc:01 4723217                    /lib/x86_64-linux-gnu/libpthread-2.23.so
7f900ffc3000-7f900ffc4000 rw-p 00018000 fc:01 4723217                    /lib/x86_64-linux-gnu/libpthread-2.23.so
7f900ffc4000-7f900ffc8000 rw-p 00000000 00:00 0 
7f900ffc8000-7f900ffee000 r-xp 00000000 fc:01 4723043                    /lib/x86_64-linux-gnu/ld-2.23.so
7f900fff5000-7f90100ce000 rw-p 00000000 00:00 0 
7f90100ce000-7f90100d1000 ---p 00000000 00:00 0 
7f90100d1000-7f90101d3000 rw-p 00000000 00:00 0 
7f90101d3000-7f90101e1000 r--s 000e0000 00:29 5248016                    /home/joe/Android/Sdk/build-tools/24.0.1/lib/dx.jar
7f90101e1000-7f90101e9000 rw-s 00000000 fc:01 4854313                    /tmp/hsperfdata_joe/4942
7f90101e9000-7f90101ea000 rw-p 00000000 00:00 0 
7f90101ea000-7f90101eb000 ---p 00000000 00:00 0 
7f90101eb000-7f90101ed000 rw-p 00000000 00:00 0 
7f90101ed000-7f90101ee000 r--p 00025000 fc:01 4723043                    /lib/x86_64-linux-gnu/ld-2.23.so
7f90101ee000-7f90101ef000 rw-p 00026000 fc:01 4723043                    /lib/x86_64-linux-gnu/ld-2.23.so
7f90101ef000-7f90101f0000 rw-p 00000000 00:00 0 
7ffdf4359000-7ffdf437b000 rw-p 00000000 00:00 0                          [stack]
7ffdf43cd000-7ffdf43cf000 r--p 00000000 00:00 0                          [vvar]
7ffdf43cf000-7ffdf43d1000 r-xp 00000000 00:00 0                          [vdso]
ffffffffff600000-ffffffffff601000 r-xp 00000000 00:00 0                  [vsyscall]

VM Arguments:
jvm_args: -Djava.awt.headless=true -Xmx1024M -Dfile.encoding=UTF-8 -Duser.country=US -Duser.language=en -Duser.variant 
java_command: com.android.dx.command.Main --dex --force-jumbo --num-threads=4 --multi-dex --output /home/joe/AndroidStudioProjects/Goout/app/build/intermediates/transforms/dex/debug/folders/1000/10/com.android.support-support-v4-24.1.1_23d3d47507b34d9ec050e5a37ebbb8f6907a5062 /home/joe/AndroidStudioProjects/Goout/app/build/intermediates/exploded-aar/com.android.support/support-v4/24.1.1/jars/classes.jar
java_class_path (initial): /home/joe/Android/Sdk/build-tools/24.0.1/lib/dx.jar
Launcher Type: SUN_STANDARD

Environment Variables:
PATH=/home/joe/.rbenv/plugins/ruby-build/bin:/home/joe/.rbenv/plugins/ruby-build/bin:/home/joe/.rbenv/shims:/home/joe/.rbenv/bin:/home/joe/bin:/home/joe/.local/bin:/usr/local/sbin:/usr/local/bin:/usr/sbin:/usr/bin:/sbin:/bin:/usr/games:/usr/local/games:/snap/bin:/home/joe/.rvm/bin:/home/joe/.rvm/bin
LD_LIBRARY_PATH=.:
SHELL=/bin/bash
DISPLAY=:0

Signal Handlers:
SIGSEGV: [libjvm.so+0xac4790], sa_mask[0]=11111111011111111101111111111110, sa_flags=SA_RESTART|SA_SIGINFO
SIGBUS: [libjvm.so+0xac4790], sa_mask[0]=11111111011111111101111111111110, sa_flags=SA_RESTART|SA_SIGINFO
SIGFPE: [libjvm.so+0x91f140], sa_mask[0]=11111111011111111101111111111110, sa_flags=SA_RESTART|SA_SIGINFO
SIGPIPE: [libjvm.so+0x91f140], sa_mask[0]=11111111011111111101111111111110, sa_flags=SA_RESTART|SA_SIGINFO
SIGXFSZ: [libjvm.so+0x91f140], sa_mask[0]=11111111011111111101111111111110, sa_flags=SA_RESTART|SA_SIGINFO
SIGILL: [libjvm.so+0x91f140], sa_mask[0]=11111111011111111101111111111110, sa_flags=SA_RESTART|SA_SIGINFO
SIGUSR1: SIG_DFL, sa_mask[0]=00000000000000000000000000000000, sa_flags=none
SIGUSR2: [libjvm.so+0x920770], sa_mask[0]=00100000000000000000000000000000, sa_flags=SA_RESTART|SA_SIGINFO
SIGHUP: [libjvm.so+0x921b70], sa_mask[0]=11111111011111111101111111111110, sa_flags=SA_RESTART|SA_SIGINFO
SIGINT: [libjvm.so+0x921b70], sa_mask[0]=11111111011111111101111111111110, sa_flags=SA_RESTART|SA_SIGINFO
SIGTERM: [libjvm.so+0x921b70], sa_mask[0]=11111111011111111101111111111110, sa_flags=SA_RESTART|SA_SIGINFO
SIGQUIT: [libjvm.so+0x921b70], sa_mask[0]=11111111011111111101111111111110, sa_flags=SA_RESTART|SA_SIGINFO


---------------  S Y S T E M  ---------------

OS:DISTRIB_ID=Ubuntu
DISTRIB_RELEASE=16.04
DISTRIB_CODENAME=xenial
DISTRIB_DESCRIPTION="Ubuntu 16.04.1 LTS"

uname:Linux 4.4.0-34-generic #53-Ubuntu SMP Wed Jul 27 16:06:39 UTC 2016 x86_64
libc:glibc 2.23 NPTL 2.23 
rlimit: STACK 8192k, CORE 0k, NPROC 12926, NOFILE 65536, AS infinity
load average:5.01 1.73 1.03

/proc/meminfo:
MemTotal:        3350060 kB
MemFree:          144300 kB
MemAvailable:      65704 kB
Buffers:            1704 kB
Cached:           374188 kB
SwapCached:        11816 kB
Active:          2267104 kB
Inactive:         685452 kB
Active(anon):    2251592 kB
Inactive(anon):   669628 kB
Active(file):      15512 kB
Inactive(file):    15824 kB
Unevictable:          64 kB
Mlocked:              64 kB
SwapTotal:       3485180 kB
SwapFree:             16 kB
Dirty:              1760 kB
Writeback:             0 kB
AnonPages:       2566196 kB
Mapped:            84904 kB
Shmem:            344748 kB
Slab:             107044 kB
SReclaimable:      43560 kB
SUnreclaim:        63484 kB
KernelStack:       16320 kB
PageTables:        75924 kB
NFS_Unstable:          0 kB
Bounce:                0 kB
WritebackTmp:          0 kB
CommitLimit:     5160208 kB
Committed_AS:   16240372 kB
VmallocTotal:   34359738367 kB
VmallocUsed:           0 kB
VmallocChunk:          0 kB
HardwareCorrupted:     0 kB
AnonHugePages:    577536 kB
CmaTotal:              0 kB
CmaFree:               0 kB
HugePages_Total:       0
HugePages_Free:        0
HugePages_Rsvd:        0
HugePages_Surp:        0
Hugepagesize:       2048 kB
DirectMap4k:      242668 kB
DirectMap2M:     3246080 kB


CPU:total 4 (2 cores per cpu, 2 threads per core) family 6 model 42 stepping 7, cmov, cx8, fxsr, mmx, sse, sse2, sse3, ssse3, sse4.1, sse4.2, popcnt, avx, aes, clmul, ht, tsc, tscinvbit

/proc/cpuinfo:
processor	: 0
vendor_id	: GenuineIntel
cpu family	: 6
model		: 42
model name	: Intel(R) Core(TM) i7-2637M CPU @ 1.70GHz
stepping	: 7
microcode	: 0x25
cpu MHz		: 2205.351
cache size	: 4096 KB
physical id	: 0
siblings	: 4
core id		: 0
cpu cores	: 2
apicid		: 0
initial apicid	: 0
fpu		: yes
fpu_exception	: yes
cpuid level	: 13
wp		: yes
flags		: fpu vme de pse tsc msr pae mce cx8 apic sep mtrr pge mca cmov pat pse36 clflush dts acpi mmx fxsr sse sse2 ss ht tm pbe syscall nx rdtscp lm constant_tsc arch_perfmon pebs bts nopl xtopology nonstop_tsc aperfmperf eagerfpu pni pclmulqdq dtes64 monitor ds_cpl vmx smx est tm2 ssse3 cx16 xtpr pdcm pcid sse4_1 sse4_2 x2apic popcnt tsc_deadline_timer aes xsave avx lahf_lm epb tpr_shadow vnmi flexpriority ept vpid xsaveopt dtherm ida arat pln pts
bugs		:
bogomips	: 3392.61
clflush size	: 64
cache_alignment	: 64
address sizes	: 36 bits physical, 48 bits virtual
power management:

processor	: 1
vendor_id	: GenuineIntel
cpu family	: 6
model		: 42
model name	: Intel(R) Core(TM) i7-2637M CPU @ 1.70GHz
stepping	: 7
microcode	: 0x25
cpu MHz		: 2205.351
cache size	: 4096 KB
physical id	: 0
siblings	: 4
core id		: 0
cpu cores	: 2
apicid		: 1
initial apicid	: 1
fpu		: yes
fpu_exception	: yes
cpuid level	: 13
wp		: yes
flags		: fpu vme de pse tsc msr pae mce cx8 apic sep mtrr pge mca cmov pat pse36 clflush dts acpi mmx fxsr sse sse2 ss ht tm pbe syscall nx rdtscp lm constant_tsc arch_perfmon pebs bts nopl xtopology nonstop_tsc aperfmperf eagerfpu pni pclmulqdq dtes64 monitor ds_cpl vmx smx est tm2 ssse3 cx16 xtpr pdcm pcid sse4_1 sse4_2 x2apic popcnt tsc_deadline_timer aes xsave avx lahf_lm epb tpr_shadow vnmi flexpriority ept vpid xsaveopt dtherm ida arat pln pts
bugs		:
bogomips	: 3392.61
clflush size	: 64
cache_alignment	: 64
address sizes	: 36 bits physical, 48 bits virtual
power management:

processor	: 2
vendor_id	: GenuineIntel
cpu family	: 6
model		: 42
model name	: Intel(R) Core(TM) i7-2637M CPU @ 1.70GHz
stepping	: 7
microcode	: 0x25
cpu MHz		: 2238.820
cache size	: 4096 KB
physical id	: 0
siblings	: 4
core id		: 1
cpu cores	: 2
apicid		: 2
initial apicid	: 2
fpu		: yes
fpu_exception	: yes
cpuid level	: 13
wp		: yes
flags		: fpu vme de pse tsc msr pae mce cx8 apic sep mtrr pge mca cmov pat pse36 clflush dts acpi mmx fxsr sse sse2 ss ht tm pbe syscall nx rdtscp lm constant_tsc arch_perfmon pebs bts nopl xtopology nonstop_tsc aperfmperf eagerfpu pni pclmulqdq dtes64 monitor ds_cpl vmx smx est tm2 ssse3 cx16 xtpr pdcm pcid sse4_1 sse4_2 x2apic popcnt tsc_deadline_timer aes xsave avx lahf_lm epb tpr_shadow vnmi flexpriority ept vpid xsaveopt dtherm ida arat pln pts
bugs		:
bogomips	: 3392.61
clflush size	: 64
cache_alignment	: 64
address sizes	: 36 bits physical, 48 bits virtual
power management:

processor	: 3
vendor_id	: GenuineIntel
cpu family	: 6
model		: 42
model name	: Intel(R) Core(TM) i7-2637M CPU @ 1.70GHz
stepping	: 7
microcode	: 0x25
cpu MHz		: 2300.113
cache size	: 4096 KB
physical id	: 0
siblings	: 4
core id		: 1
cpu cores	: 2
apicid		: 3
initial apicid	: 3
fpu		: yes
fpu_exception	: yes
cpuid level	: 13
wp		: yes
flags		: fpu vme de pse tsc msr pae mce cx8 apic sep mtrr pge mca cmov pat pse36 clflush dts acpi mmx fxsr sse sse2 ss ht tm pbe syscall nx rdtscp lm constant_tsc arch_perfmon pebs bts nopl xtopology nonstop_tsc aperfmperf eagerfpu pni pclmulqdq dtes64 monitor ds_cpl vmx smx est tm2 ssse3 cx16 xtpr pdcm pcid sse4_1 sse4_2 x2apic popcnt tsc_deadline_timer aes xsave avx lahf_lm epb tpr_shadow vnmi flexpriority ept vpid xsaveopt dtherm ida arat pln pts
bugs		:
bogomips	: 3392.61
clflush size	: 64
cache_alignment	: 64
address sizes	: 36 bits physical, 48 bits virtual
power management:



Memory: 4k page, physical 3350060k(143680k free), swap 3485180k(0k free)

vm_info: Java HotSpot(TM) 64-Bit Server VM (25.101-b13) for linux-amd64 JRE (1.8.0_101-b13), built on Jun 22 2016 02:59:44 by "java_re" with gcc 4.3.0 20080428 (Red Hat 4.3.0-8)

time: Sat Aug 20 16:50:24 2016
elapsed time: 9 seconds (0d 0h 0m 9s)

